<?xml version="1.0" encoding="UTF-8"?>
<!-- Generated by org.testng.reporters.JUnitXMLReporter -->
<testsuite ignored="0" hostname="DESKTOP-SKRGRIP" failures="1" tests="6" name="DCI_Site_Functional_Testing" time="135.23" errors="0" timestamp="2024-10-16T10:06:43 IST">
  <testcase classname="Form_Filling_Test.Forms_Validation" name="ContactForm" time="57.611"/>
  <testcase classname="Form_Filling_Test.Forms_Validation" name="GetQuoteForm" time="15.175"/>
  <testcase classname="Form_Filling_Test.Forms_Validation" name="QuickConsultationForm" time="14.154"/>
  <testcase classname="Form_Filling_Test.Forms_Validation" name="JobApplicationForm" time="5.17">
    <failure type="org.openqa.selenium.NoSuchElementException" message="Unable to locate element: #wpforms\-50096\-field_1
For documentation on this error, please visit: https://www.selenium.dev/documentation/webdriver/troubleshooting/errors#no-such-element-exception
Build info: version: &amp;apos;4.18.1&amp;apos;, revision: &amp;apos;b1d3319b48&amp;apos;
System info: os.name: &amp;apos;Windows 10&amp;apos;, os.arch: &amp;apos;amd64&amp;apos;, os.version: &amp;apos;10.0&amp;apos;, java.version: &amp;apos;21.0.3&amp;apos;
Driver info: org.openqa.selenium.firefox.FirefoxDriver
Command: [a04337b2-82d5-4736-a53f-280dedbb1298, findElement {using=id, value=wpforms-50096-field_1}]
Capabilities {acceptInsecureCerts: true, browserName: firefox, browserVersion: 131.0.2, moz:accessibilityChecks: false, moz:buildID: 20241008210941, moz:geckodriverVersion: 0.35.0, moz:headless: false, moz:platformVersion: 10.0, moz:processID: 4836, moz:profile: C:\Users\RAMPRA~1\AppData\L..., moz:shutdownTimeout: 60000, moz:webdriverClick: true, moz:windowless: false, pageLoadStrategy: normal, platformName: windows, proxy: Proxy(), setWindowRect: true, strictFileInteractability: false, timeouts: {implicit: 0, pageLoad: 300000, script: 30000}, unhandledPromptBehavior: dismiss and notify, userAgent: Mozilla/5.0 (Windows NT 10....}
Session ID: a04337b2-82d5-4736-a53f-280dedbb1298">
      <![CDATA[org.openqa.selenium.NoSuchElementException: Unable to locate element: #wpforms\-50096\-field_1
For documentation on this error, please visit: https://www.selenium.dev/documentation/webdriver/troubleshooting/errors#no-such-element-exception
Build info: version: '4.18.1', revision: 'b1d3319b48'
System info: os.name: 'Windows 10', os.arch: 'amd64', os.version: '10.0', java.version: '21.0.3'
Driver info: org.openqa.selenium.firefox.FirefoxDriver
Command: [a04337b2-82d5-4736-a53f-280dedbb1298, findElement {using=id, value=wpforms-50096-field_1}]
Capabilities {acceptInsecureCerts: true, browserName: firefox, browserVersion: 131.0.2, moz:accessibilityChecks: false, moz:buildID: 20241008210941, moz:geckodriverVersion: 0.35.0, moz:headless: false, moz:platformVersion: 10.0, moz:processID: 4836, moz:profile: C:\Users\RAMPRA~1\AppData\L..., moz:shutdownTimeout: 60000, moz:webdriverClick: true, moz:windowless: false, pageLoadStrategy: normal, platformName: windows, proxy: Proxy(), setWindowRect: true, strictFileInteractability: false, timeouts: {implicit: 0, pageLoad: 300000, script: 30000}, unhandledPromptBehavior: dismiss and notify, userAgent: Mozilla/5.0 (Windows NT 10....}
Session ID: a04337b2-82d5-4736-a53f-280dedbb1298
at org.openqa.selenium.remote.ErrorCodec.decode(ErrorCodec.java:167)
at org.openqa.selenium.remote.codec.w3c.W3CHttpResponseCodec.decode(W3CHttpResponseCodec.java:138)
at org.openqa.selenium.remote.codec.w3c.W3CHttpResponseCodec.decode(W3CHttpResponseCodec.java:50)
at org.openqa.selenium.remote.HttpCommandExecutor.execute(HttpCommandExecutor.java:190)
at org.openqa.selenium.remote.service.DriverCommandExecutor.invokeExecute(DriverCommandExecutor.java:216)
at org.openqa.selenium.remote.service.DriverCommandExecutor.execute(DriverCommandExecutor.java:174)
at org.openqa.selenium.remote.RemoteWebDriver.execute(RemoteWebDriver.java:519)
at org.openqa.selenium.remote.ElementLocation$ElementFinder$2.findElement(ElementLocation.java:165)
at org.openqa.selenium.remote.ElementLocation.findElement(ElementLocation.java:59)
at org.openqa.selenium.remote.RemoteWebDriver.findElement(RemoteWebDriver.java:356)
at org.openqa.selenium.remote.RemoteWebDriver.findElement(RemoteWebDriver.java:350)
at Home_Page_Menu.Base_Class.locatorId(Base_Class.java:206)
at Form_Filling_Test.Forms_Validation.JobApplicationForm(Forms_Validation.java:146)
at java.base/java.util.ArrayList.forEach(ArrayList.java:1596)
... Removed 33 stack frames]]>
    </failure>
  </testcase> <!-- JobApplicationForm -->
  <testcase classname="Form_Filling_Test.Forms_Validation" name="SendMessageForm" time="6.057"/>
  <testcase classname="Form_Filling_Test.Forms_Validation" name="Vendor_Form_Filling" time="27.323"/>
</testsuite> <!-- DCI_Site_Functional_Testing -->
