<?xml version="1.0" encoding="UTF-8"?>
<testsuite xmlns:xsi="http://www.w3.org/2001/XMLSchema-instance" xsi:noNamespaceSchemaLocation="https://maven.apache.org/surefire/maven-surefire-plugin/xsd/surefire-test-report-3.0.xsd" version="3.0" name="TestSuite" time="536.425" tests="131" errors="0" skipped="0" failures="5">
  <properties>
    <property name="java.specification.version" value="21"/>
    <property name="sun.cpu.isalist" value="amd64"/>
    <property name="sun.jnu.encoding" value="Cp1252"/>
    <property name="sun.awt.enableExtraMouseButtons" value="true"/>
    <property name="java.class.path" value="C:\Users\Ram prathees\eclipse-workspace\DCI_Site_Progress\target\test-classes;C:\Users\Ram prathees\eclipse-workspace\DCI_Site_Progress\target\classes;C:\Users\Ram prathees\.m2\repository\org\seleniumhq\selenium\selenium-java\4.18.1\selenium-java-4.18.1.jar;C:\Users\Ram prathees\.m2\repository\org\seleniumhq\selenium\selenium-api\4.18.1\selenium-api-4.18.1.jar;C:\Users\Ram prathees\.m2\repository\org\seleniumhq\selenium\selenium-chrome-driver\4.18.1\selenium-chrome-driver-4.18.1.jar;C:\Users\Ram prathees\.m2\repository\com\google\auto\service\auto-service-annotations\1.1.1\auto-service-annotations-1.1.1.jar;C:\Users\Ram prathees\.m2\repository\org\seleniumhq\selenium\selenium-chromium-driver\4.18.1\selenium-chromium-driver-4.18.1.jar;C:\Users\Ram prathees\.m2\repository\org\seleniumhq\selenium\selenium-json\4.18.1\selenium-json-4.18.1.jar;C:\Users\Ram prathees\.m2\repository\org\seleniumhq\selenium\selenium-manager\4.18.1\selenium-manager-4.18.1.jar;C:\Users\Ram prathees\.m2\repository\org\seleniumhq\selenium\selenium-devtools-v120\4.18.1\selenium-devtools-v120-4.18.1.jar;C:\Users\Ram prathees\.m2\repository\org\seleniumhq\selenium\selenium-devtools-v121\4.18.1\selenium-devtools-v121-4.18.1.jar;C:\Users\Ram prathees\.m2\repository\org\seleniumhq\selenium\selenium-devtools-v122\4.18.1\selenium-devtools-v122-4.18.1.jar;C:\Users\Ram prathees\.m2\repository\org\seleniumhq\selenium\selenium-devtools-v85\4.18.1\selenium-devtools-v85-4.18.1.jar;C:\Users\Ram prathees\.m2\repository\org\seleniumhq\selenium\selenium-edge-driver\4.18.1\selenium-edge-driver-4.18.1.jar;C:\Users\Ram prathees\.m2\repository\org\seleniumhq\selenium\selenium-firefox-driver\4.18.1\selenium-firefox-driver-4.18.1.jar;C:\Users\Ram prathees\.m2\repository\org\seleniumhq\selenium\selenium-http\4.18.1\selenium-http-4.18.1.jar;C:\Users\Ram prathees\.m2\repository\dev\failsafe\failsafe\3.3.2\failsafe-3.3.2.jar;C:\Users\Ram prathees\.m2\repository\org\seleniumhq\selenium\selenium-ie-driver\4.18.1\selenium-ie-driver-4.18.1.jar;C:\Users\Ram prathees\.m2\repository\org\seleniumhq\selenium\selenium-remote-driver\4.18.1\selenium-remote-driver-4.18.1.jar;C:\Users\Ram prathees\.m2\repository\com\google\guava\guava\33.0.0-jre\guava-33.0.0-jre.jar;C:\Users\Ram prathees\.m2\repository\com\google\guava\failureaccess\1.0.2\failureaccess-1.0.2.jar;C:\Users\Ram prathees\.m2\repository\com\google\guava\listenablefuture\9999.0-empty-to-avoid-conflict-with-guava\listenablefuture-9999.0-empty-to-avoid-conflict-with-guava.jar;C:\Users\Ram prathees\.m2\repository\com\google\code\findbugs\jsr305\3.0.2\jsr305-3.0.2.jar;C:\Users\Ram prathees\.m2\repository\org\checkerframework\checker-qual\3.41.0\checker-qual-3.41.0.jar;C:\Users\Ram prathees\.m2\repository\com\google\errorprone\error_prone_annotations\2.23.0\error_prone_annotations-2.23.0.jar;C:\Users\Ram prathees\.m2\repository\com\google\j2objc\j2objc-annotations\2.8\j2objc-annotations-2.8.jar;C:\Users\Ram prathees\.m2\repository\io\opentelemetry\semconv\opentelemetry-semconv\1.23.1-alpha\opentelemetry-semconv-1.23.1-alpha.jar;C:\Users\Ram prathees\.m2\repository\io\opentelemetry\opentelemetry-api\1.35.0\opentelemetry-api-1.35.0.jar;C:\Users\Ram prathees\.m2\repository\io\opentelemetry\opentelemetry-context\1.35.0\opentelemetry-context-1.35.0.jar;C:\Users\Ram prathees\.m2\repository\io\opentelemetry\opentelemetry-exporter-logging\1.35.0\opentelemetry-exporter-logging-1.35.0.jar;C:\Users\Ram prathees\.m2\repository\io\opentelemetry\opentelemetry-sdk-common\1.35.0\opentelemetry-sdk-common-1.35.0.jar;C:\Users\Ram prathees\.m2\repository\io\opentelemetry\opentelemetry-sdk-extension-autoconfigure-spi\1.35.0\opentelemetry-sdk-extension-autoconfigure-spi-1.35.0.jar;C:\Users\Ram prathees\.m2\repository\io\opentelemetry\opentelemetry-sdk-extension-autoconfigure\1.35.0\opentelemetry-sdk-extension-autoconfigure-1.35.0.jar;C:\Users\Ram prathees\.m2\repository\io\opentelemetry\opentelemetry-api-events\1.35.0-alpha\opentelemetry-api-events-1.35.0-alpha.jar;C:\Users\Ram prathees\.m2\repository\io\opentelemetry\opentelemetry-sdk-trace\1.35.0\opentelemetry-sdk-trace-1.35.0.jar;C:\Users\Ram prathees\.m2\repository\io\opentelemetry\opentelemetry-extension-incubator\1.35.0-alpha\opentelemetry-extension-incubator-1.35.0-alpha.jar;C:\Users\Ram prathees\.m2\repository\io\opentelemetry\opentelemetry-sdk\1.35.0\opentelemetry-sdk-1.35.0.jar;C:\Users\Ram prathees\.m2\repository\io\opentelemetry\opentelemetry-sdk-metrics\1.35.0\opentelemetry-sdk-metrics-1.35.0.jar;C:\Users\Ram prathees\.m2\repository\io\opentelemetry\opentelemetry-sdk-logs\1.35.0\opentelemetry-sdk-logs-1.35.0.jar;C:\Users\Ram prathees\.m2\repository\net\bytebuddy\byte-buddy\1.14.12\byte-buddy-1.14.12.jar;C:\Users\Ram prathees\.m2\repository\org\seleniumhq\selenium\selenium-os\4.18.1\selenium-os-4.18.1.jar;C:\Users\Ram prathees\.m2\repository\org\apache\commons\commons-exec\1.3\commons-exec-1.3.jar;C:\Users\Ram prathees\.m2\repository\org\seleniumhq\selenium\selenium-safari-driver\4.18.1\selenium-safari-driver-4.18.1.jar;C:\Users\Ram prathees\.m2\repository\org\seleniumhq\selenium\selenium-support\4.18.1\selenium-support-4.18.1.jar;C:\Users\Ram prathees\.m2\repository\org\testng\testng\7.9.0\testng-7.9.0.jar;C:\Users\Ram prathees\.m2\repository\org\slf4j\slf4j-api\1.7.36\slf4j-api-1.7.36.jar;C:\Users\Ram prathees\.m2\repository\com\beust\jcommander\1.82\jcommander-1.82.jar;C:\Users\Ram prathees\.m2\repository\org\webjars\jquery\3.7.1\jquery-3.7.1.jar;C:\Users\Ram prathees\.m2\repository\io\github\bonigarcia\webdrivermanager\5.7.0\webdrivermanager-5.7.0.jar;C:\Users\Ram prathees\.m2\repository\com\google\code\gson\gson\2.10.1\gson-2.10.1.jar;C:\Users\Ram prathees\.m2\repository\com\github\docker-java\docker-java\3.3.5\docker-java-3.3.5.jar;C:\Users\Ram prathees\.m2\repository\com\github\docker-java\docker-java-core\3.3.5\docker-java-core-3.3.5.jar;C:\Users\Ram prathees\.m2\repository\com\github\docker-java\docker-java-api\3.3.5\docker-java-api-3.3.5.jar;C:\Users\Ram prathees\.m2\repository\com\fasterxml\jackson\core\jackson-annotations\2.10.3\jackson-annotations-2.10.3.jar;C:\Users\Ram prathees\.m2\repository\com\fasterxml\jackson\core\jackson-databind\2.10.3\jackson-databind-2.10.3.jar;C:\Users\Ram prathees\.m2\repository\com\fasterxml\jackson\core\jackson-core\2.10.3\jackson-core-2.10.3.jar;C:\Users\Ram prathees\.m2\repository\org\bouncycastle\bcpkix-jdk18on\1.76\bcpkix-jdk18on-1.76.jar;C:\Users\Ram prathees\.m2\repository\org\bouncycastle\bcprov-jdk18on\1.76\bcprov-jdk18on-1.76.jar;C:\Users\Ram prathees\.m2\repository\org\bouncycastle\bcutil-jdk18on\1.76\bcutil-jdk18on-1.76.jar;C:\Users\Ram prathees\.m2\repository\org\slf4j\jcl-over-slf4j\1.7.30\jcl-over-slf4j-1.7.30.jar;C:\Users\Ram prathees\.m2\repository\com\github\docker-java\docker-java-transport-httpclient5\3.3.5\docker-java-transport-httpclient5-3.3.5.jar;C:\Users\Ram prathees\.m2\repository\com\github\docker-java\docker-java-transport\3.3.5\docker-java-transport-3.3.5.jar;C:\Users\Ram prathees\.m2\repository\net\java\dev\jna\jna\5.13.0\jna-5.13.0.jar;C:\Users\Ram prathees\.m2\repository\org\brotli\dec\0.1.2\dec-0.1.2.jar;C:\Users\Ram prathees\.m2\repository\org\apache\commons\commons-compress\1.26.0\commons-compress-1.26.0.jar;C:\Users\Ram prathees\.m2\repository\org\apache\httpcomponents\client5\httpclient5\5.2.1\httpclient5-5.2.1.jar;C:\Users\Ram prathees\.m2\repository\org\apache\httpcomponents\core5\httpcore5\5.2\httpcore5-5.2.jar;C:\Users\Ram prathees\.m2\repository\org\apache\httpcomponents\core5\httpcore5-h2\5.2\httpcore5-h2-5.2.jar;C:\Users\Ram prathees\.m2\repository\log4j\log4j\1.2.17\log4j-1.2.17.jar;C:\Users\Ram prathees\.m2\repository\com\aventstack\extentreports\5.0.9\extentreports-5.0.9.jar;C:\Users\Ram prathees\.m2\repository\io\reactivex\rxjava3\rxjava\3.0.4\rxjava-3.0.4.jar;C:\Users\Ram prathees\.m2\repository\org\reactivestreams\reactive-streams\1.0.3\reactive-streams-1.0.3.jar;C:\Users\Ram prathees\.m2\repository\org\freemarker\freemarker\2.3.30\freemarker-2.3.30.jar;C:\Users\Ram prathees\.m2\repository\org\projectlombok\lombok\1.18.12\lombok-1.18.12.jar;C:\Users\Ram prathees\.m2\repository\org\apache\commons\commons-lang3\3.14.0\commons-lang3-3.14.0.jar;C:\Users\Ram prathees\.m2\repository\org\apache\poi\poi\5.2.3\poi-5.2.3.jar;C:\Users\Ram prathees\.m2\repository\commons-codec\commons-codec\1.15\commons-codec-1.15.jar;C:\Users\Ram prathees\.m2\repository\org\apache\commons\commons-collections4\4.4\commons-collections4-4.4.jar;C:\Users\Ram prathees\.m2\repository\org\apache\commons\commons-math3\3.6.1\commons-math3-3.6.1.jar;C:\Users\Ram prathees\.m2\repository\com\zaxxer\SparseBitSet\1.2\SparseBitSet-1.2.jar;C:\Users\Ram prathees\.m2\repository\org\apache\logging\log4j\log4j-api\2.18.0\log4j-api-2.18.0.jar;C:\Users\Ram prathees\.m2\repository\org\apache\poi\poi-ooxml\5.2.3\poi-ooxml-5.2.3.jar;C:\Users\Ram prathees\.m2\repository\org\apache\poi\poi-ooxml-lite\5.2.3\poi-ooxml-lite-5.2.3.jar;C:\Users\Ram prathees\.m2\repository\org\apache\xmlbeans\xmlbeans\5.1.1\xmlbeans-5.1.1.jar;C:\Users\Ram prathees\.m2\repository\com\github\virtuald\curvesapi\1.07\curvesapi-1.07.jar;C:\Users\Ram prathees\.m2\repository\commons-io\commons-io\2.16.1\commons-io-2.16.1.jar;C:\Users\Ram prathees\.m2\repository\ru\yandex\qatools\ashot\ashot\1.5.4\ashot-1.5.4.jar;C:\Users\Ram prathees\.m2\repository\org\hamcrest\hamcrest-core\1.3\hamcrest-core-1.3.jar;"/>
    <property name="java.vm.vendor" value="Oracle Corporation"/>
    <property name="sun.arch.data.model" value="64"/>
    <property name="user.variant" value=""/>
    <property name="java.vendor.url" value="https://java.oracle.com/"/>
    <property name="user.timezone" value="Asia/Calcutta"/>
    <property name="os.name" value="Windows 10"/>
    <property name="java.vm.specification.version" value="21"/>
    <property name="sun.java.launcher" value="SUN_STANDARD"/>
    <property name="user.country" value="IN"/>
    <property name="sun.boot.library.path" value="C:\Program Files\Java\jdk-21\bin"/>
    <property name="sun.java.command" value="C:\Users\Ram prathees\AppData\Local\Temp\surefire7011520193578140660\surefirebooter-20250507101032063_3.jar C:\Users\Ram prathees\AppData\Local\Temp\surefire7011520193578140660 2025-05-07T10-10-31_837-jvmRun1 surefire-20250507101032063_1tmp surefire_0-20250507101032063_2tmp"/>
    <property name="jdk.debug" value="release"/>
    <property name="surefire.test.class.path" value="C:\Users\Ram prathees\eclipse-workspace\DCI_Site_Progress\target\test-classes;C:\Users\Ram prathees\eclipse-workspace\DCI_Site_Progress\target\classes;C:\Users\Ram prathees\.m2\repository\org\seleniumhq\selenium\selenium-java\4.18.1\selenium-java-4.18.1.jar;C:\Users\Ram prathees\.m2\repository\org\seleniumhq\selenium\selenium-api\4.18.1\selenium-api-4.18.1.jar;C:\Users\Ram prathees\.m2\repository\org\seleniumhq\selenium\selenium-chrome-driver\4.18.1\selenium-chrome-driver-4.18.1.jar;C:\Users\Ram prathees\.m2\repository\com\google\auto\service\auto-service-annotations\1.1.1\auto-service-annotations-1.1.1.jar;C:\Users\Ram prathees\.m2\repository\org\seleniumhq\selenium\selenium-chromium-driver\4.18.1\selenium-chromium-driver-4.18.1.jar;C:\Users\Ram prathees\.m2\repository\org\seleniumhq\selenium\selenium-json\4.18.1\selenium-json-4.18.1.jar;C:\Users\Ram prathees\.m2\repository\org\seleniumhq\selenium\selenium-manager\4.18.1\selenium-manager-4.18.1.jar;C:\Users\Ram prathees\.m2\repository\org\seleniumhq\selenium\selenium-devtools-v120\4.18.1\selenium-devtools-v120-4.18.1.jar;C:\Users\Ram prathees\.m2\repository\org\seleniumhq\selenium\selenium-devtools-v121\4.18.1\selenium-devtools-v121-4.18.1.jar;C:\Users\Ram prathees\.m2\repository\org\seleniumhq\selenium\selenium-devtools-v122\4.18.1\selenium-devtools-v122-4.18.1.jar;C:\Users\Ram prathees\.m2\repository\org\seleniumhq\selenium\selenium-devtools-v85\4.18.1\selenium-devtools-v85-4.18.1.jar;C:\Users\Ram prathees\.m2\repository\org\seleniumhq\selenium\selenium-edge-driver\4.18.1\selenium-edge-driver-4.18.1.jar;C:\Users\Ram prathees\.m2\repository\org\seleniumhq\selenium\selenium-firefox-driver\4.18.1\selenium-firefox-driver-4.18.1.jar;C:\Users\Ram prathees\.m2\repository\org\seleniumhq\selenium\selenium-http\4.18.1\selenium-http-4.18.1.jar;C:\Users\Ram prathees\.m2\repository\dev\failsafe\failsafe\3.3.2\failsafe-3.3.2.jar;C:\Users\Ram prathees\.m2\repository\org\seleniumhq\selenium\selenium-ie-driver\4.18.1\selenium-ie-driver-4.18.1.jar;C:\Users\Ram prathees\.m2\repository\org\seleniumhq\selenium\selenium-remote-driver\4.18.1\selenium-remote-driver-4.18.1.jar;C:\Users\Ram prathees\.m2\repository\com\google\guava\guava\33.0.0-jre\guava-33.0.0-jre.jar;C:\Users\Ram prathees\.m2\repository\com\google\guava\failureaccess\1.0.2\failureaccess-1.0.2.jar;C:\Users\Ram prathees\.m2\repository\com\google\guava\listenablefuture\9999.0-empty-to-avoid-conflict-with-guava\listenablefuture-9999.0-empty-to-avoid-conflict-with-guava.jar;C:\Users\Ram prathees\.m2\repository\com\google\code\findbugs\jsr305\3.0.2\jsr305-3.0.2.jar;C:\Users\Ram prathees\.m2\repository\org\checkerframework\checker-qual\3.41.0\checker-qual-3.41.0.jar;C:\Users\Ram prathees\.m2\repository\com\google\errorprone\error_prone_annotations\2.23.0\error_prone_annotations-2.23.0.jar;C:\Users\Ram prathees\.m2\repository\com\google\j2objc\j2objc-annotations\2.8\j2objc-annotations-2.8.jar;C:\Users\Ram prathees\.m2\repository\io\opentelemetry\semconv\opentelemetry-semconv\1.23.1-alpha\opentelemetry-semconv-1.23.1-alpha.jar;C:\Users\Ram prathees\.m2\repository\io\opentelemetry\opentelemetry-api\1.35.0\opentelemetry-api-1.35.0.jar;C:\Users\Ram prathees\.m2\repository\io\opentelemetry\opentelemetry-context\1.35.0\opentelemetry-context-1.35.0.jar;C:\Users\Ram prathees\.m2\repository\io\opentelemetry\opentelemetry-exporter-logging\1.35.0\opentelemetry-exporter-logging-1.35.0.jar;C:\Users\Ram prathees\.m2\repository\io\opentelemetry\opentelemetry-sdk-common\1.35.0\opentelemetry-sdk-common-1.35.0.jar;C:\Users\Ram prathees\.m2\repository\io\opentelemetry\opentelemetry-sdk-extension-autoconfigure-spi\1.35.0\opentelemetry-sdk-extension-autoconfigure-spi-1.35.0.jar;C:\Users\Ram prathees\.m2\repository\io\opentelemetry\opentelemetry-sdk-extension-autoconfigure\1.35.0\opentelemetry-sdk-extension-autoconfigure-1.35.0.jar;C:\Users\Ram prathees\.m2\repository\io\opentelemetry\opentelemetry-api-events\1.35.0-alpha\opentelemetry-api-events-1.35.0-alpha.jar;C:\Users\Ram prathees\.m2\repository\io\opentelemetry\opentelemetry-sdk-trace\1.35.0\opentelemetry-sdk-trace-1.35.0.jar;C:\Users\Ram prathees\.m2\repository\io\opentelemetry\opentelemetry-extension-incubator\1.35.0-alpha\opentelemetry-extension-incubator-1.35.0-alpha.jar;C:\Users\Ram prathees\.m2\repository\io\opentelemetry\opentelemetry-sdk\1.35.0\opentelemetry-sdk-1.35.0.jar;C:\Users\Ram prathees\.m2\repository\io\opentelemetry\opentelemetry-sdk-metrics\1.35.0\opentelemetry-sdk-metrics-1.35.0.jar;C:\Users\Ram prathees\.m2\repository\io\opentelemetry\opentelemetry-sdk-logs\1.35.0\opentelemetry-sdk-logs-1.35.0.jar;C:\Users\Ram prathees\.m2\repository\net\bytebuddy\byte-buddy\1.14.12\byte-buddy-1.14.12.jar;C:\Users\Ram prathees\.m2\repository\org\seleniumhq\selenium\selenium-os\4.18.1\selenium-os-4.18.1.jar;C:\Users\Ram prathees\.m2\repository\org\apache\commons\commons-exec\1.3\commons-exec-1.3.jar;C:\Users\Ram prathees\.m2\repository\org\seleniumhq\selenium\selenium-safari-driver\4.18.1\selenium-safari-driver-4.18.1.jar;C:\Users\Ram prathees\.m2\repository\org\seleniumhq\selenium\selenium-support\4.18.1\selenium-support-4.18.1.jar;C:\Users\Ram prathees\.m2\repository\org\testng\testng\7.9.0\testng-7.9.0.jar;C:\Users\Ram prathees\.m2\repository\org\slf4j\slf4j-api\1.7.36\slf4j-api-1.7.36.jar;C:\Users\Ram prathees\.m2\repository\com\beust\jcommander\1.82\jcommander-1.82.jar;C:\Users\Ram prathees\.m2\repository\org\webjars\jquery\3.7.1\jquery-3.7.1.jar;C:\Users\Ram prathees\.m2\repository\io\github\bonigarcia\webdrivermanager\5.7.0\webdrivermanager-5.7.0.jar;C:\Users\Ram prathees\.m2\repository\com\google\code\gson\gson\2.10.1\gson-2.10.1.jar;C:\Users\Ram prathees\.m2\repository\com\github\docker-java\docker-java\3.3.5\docker-java-3.3.5.jar;C:\Users\Ram prathees\.m2\repository\com\github\docker-java\docker-java-core\3.3.5\docker-java-core-3.3.5.jar;C:\Users\Ram prathees\.m2\repository\com\github\docker-java\docker-java-api\3.3.5\docker-java-api-3.3.5.jar;C:\Users\Ram prathees\.m2\repository\com\fasterxml\jackson\core\jackson-annotations\2.10.3\jackson-annotations-2.10.3.jar;C:\Users\Ram prathees\.m2\repository\com\fasterxml\jackson\core\jackson-databind\2.10.3\jackson-databind-2.10.3.jar;C:\Users\Ram prathees\.m2\repository\com\fasterxml\jackson\core\jackson-core\2.10.3\jackson-core-2.10.3.jar;C:\Users\Ram prathees\.m2\repository\org\bouncycastle\bcpkix-jdk18on\1.76\bcpkix-jdk18on-1.76.jar;C:\Users\Ram prathees\.m2\repository\org\bouncycastle\bcprov-jdk18on\1.76\bcprov-jdk18on-1.76.jar;C:\Users\Ram prathees\.m2\repository\org\bouncycastle\bcutil-jdk18on\1.76\bcutil-jdk18on-1.76.jar;C:\Users\Ram prathees\.m2\repository\org\slf4j\jcl-over-slf4j\1.7.30\jcl-over-slf4j-1.7.30.jar;C:\Users\Ram prathees\.m2\repository\com\github\docker-java\docker-java-transport-httpclient5\3.3.5\docker-java-transport-httpclient5-3.3.5.jar;C:\Users\Ram prathees\.m2\repository\com\github\docker-java\docker-java-transport\3.3.5\docker-java-transport-3.3.5.jar;C:\Users\Ram prathees\.m2\repository\net\java\dev\jna\jna\5.13.0\jna-5.13.0.jar;C:\Users\Ram prathees\.m2\repository\org\brotli\dec\0.1.2\dec-0.1.2.jar;C:\Users\Ram prathees\.m2\repository\org\apache\commons\commons-compress\1.26.0\commons-compress-1.26.0.jar;C:\Users\Ram prathees\.m2\repository\org\apache\httpcomponents\client5\httpclient5\5.2.1\httpclient5-5.2.1.jar;C:\Users\Ram prathees\.m2\repository\org\apache\httpcomponents\core5\httpcore5\5.2\httpcore5-5.2.jar;C:\Users\Ram prathees\.m2\repository\org\apache\httpcomponents\core5\httpcore5-h2\5.2\httpcore5-h2-5.2.jar;C:\Users\Ram prathees\.m2\repository\log4j\log4j\1.2.17\log4j-1.2.17.jar;C:\Users\Ram prathees\.m2\repository\com\aventstack\extentreports\5.0.9\extentreports-5.0.9.jar;C:\Users\Ram prathees\.m2\repository\io\reactivex\rxjava3\rxjava\3.0.4\rxjava-3.0.4.jar;C:\Users\Ram prathees\.m2\repository\org\reactivestreams\reactive-streams\1.0.3\reactive-streams-1.0.3.jar;C:\Users\Ram prathees\.m2\repository\org\freemarker\freemarker\2.3.30\freemarker-2.3.30.jar;C:\Users\Ram prathees\.m2\repository\org\projectlombok\lombok\1.18.12\lombok-1.18.12.jar;C:\Users\Ram prathees\.m2\repository\org\apache\commons\commons-lang3\3.14.0\commons-lang3-3.14.0.jar;C:\Users\Ram prathees\.m2\repository\org\apache\poi\poi\5.2.3\poi-5.2.3.jar;C:\Users\Ram prathees\.m2\repository\commons-codec\commons-codec\1.15\commons-codec-1.15.jar;C:\Users\Ram prathees\.m2\repository\org\apache\commons\commons-collections4\4.4\commons-collections4-4.4.jar;C:\Users\Ram prathees\.m2\repository\org\apache\commons\commons-math3\3.6.1\commons-math3-3.6.1.jar;C:\Users\Ram prathees\.m2\repository\com\zaxxer\SparseBitSet\1.2\SparseBitSet-1.2.jar;C:\Users\Ram prathees\.m2\repository\org\apache\logging\log4j\log4j-api\2.18.0\log4j-api-2.18.0.jar;C:\Users\Ram prathees\.m2\repository\org\apache\poi\poi-ooxml\5.2.3\poi-ooxml-5.2.3.jar;C:\Users\Ram prathees\.m2\repository\org\apache\poi\poi-ooxml-lite\5.2.3\poi-ooxml-lite-5.2.3.jar;C:\Users\Ram prathees\.m2\repository\org\apache\xmlbeans\xmlbeans\5.1.1\xmlbeans-5.1.1.jar;C:\Users\Ram prathees\.m2\repository\com\github\virtuald\curvesapi\1.07\curvesapi-1.07.jar;C:\Users\Ram prathees\.m2\repository\commons-io\commons-io\2.16.1\commons-io-2.16.1.jar;C:\Users\Ram prathees\.m2\repository\ru\yandex\qatools\ashot\ashot\1.5.4\ashot-1.5.4.jar;C:\Users\Ram prathees\.m2\repository\org\hamcrest\hamcrest-core\1.3\hamcrest-core-1.3.jar;"/>
    <property name="sun.cpu.endian" value="little"/>
    <property name="user.home" value="C:\Users\Ram prathees"/>
    <property name="user.language" value="en"/>
    <property name="java.specification.vendor" value="Oracle Corporation"/>
    <property name="java.version.date" value="2024-04-16"/>
    <property name="java.home" value="C:\Program Files\Java\jdk-21"/>
    <property name="file.separator" value="\"/>
    <property name="basedir" value="C:\Users\Ram prathees\eclipse-workspace\DCI_Site_Progress"/>
    <property name="java.vm.compressedOopsMode" value="32-bit"/>
    <property name="line.separator" value="&#10;"/>
    <property name="java.vm.specification.vendor" value="Oracle Corporation"/>
    <property name="java.specification.name" value="Java Platform API Specification"/>
    <property name="surefire.real.class.path" value="C:\Users\Ram prathees\AppData\Local\Temp\surefire7011520193578140660\surefirebooter-20250507101032063_3.jar"/>
    <property name="user.script" value=""/>
    <property name="sun.management.compiler" value="HotSpot 64-Bit Tiered Compilers"/>
    <property name="java.runtime.version" value="21.0.3+7-LTS-152"/>
    <property name="user.name" value="Ram prathees"/>
    <property name="stdout.encoding" value="Cp1252"/>
    <property name="path.separator" value=";"/>
    <property name="os.version" value="10.0"/>
    <property name="java.runtime.name" value="Java(TM) SE Runtime Environment"/>
    <property name="file.encoding" value="UTF-8"/>
    <property name="java.vm.name" value="Java HotSpot(TM) 64-Bit Server VM"/>
    <property name="localRepository" value="C:\Users\Ram prathees\.m2\repository"/>
    <property name="java.vendor.url.bug" value="https://bugreport.java.com/bugreport/"/>
    <property name="java.io.tmpdir" value="C:\Users\RAMPRA~1\AppData\Local\Temp\"/>
    <property name="java.version" value="21.0.3"/>
    <property name="user.dir" value="C:\Users\Ram prathees\eclipse-workspace\DCI_Site_Progress"/>
    <property name="os.arch" value="amd64"/>
    <property name="java.vm.specification.name" value="Java Virtual Machine Specification"/>
    <property name="sun.os.patch.level" value=""/>
    <property name="native.encoding" value="Cp1252"/>
    <property name="java.library.path" value="C:\Program Files\Java\jdk-21\bin;C:\Windows\Sun\Java\bin;C:\Windows\system32;C:\Windows;C:\Program Files\Common Files\Oracle\Java\javapath;C:\Program Files (x86)\Common Files\Intel\Shared Libraries\redist\intel64\compiler;C:\Windows\system32;C:\Windows;C:\Windows\System32\Wbem;C:\Windows\System32\WindowsPowerShell\v1.0\;C:\Windows\System32\OpenSSH\;C:\Program Files\PuTTY\;C:\Users\Ram prathees\Downloads\apache-maven-3.9.8-bin\apache-maven-3.9.8\bin;C:\Program Files\Java\jdk-21\bin;C:\Program Files\nodejs\;C:\Program Files\Git\cmd;C:\Program Files\MySQL\MySQL Shell 8.0\bin\;C:\Users\Ram prathees\AppData\Local\Microsoft\WindowsApps;C:\Users\Ram prathees\AppData\Roaming\npm;C:\Users\Ram prathees\AppData\Local\Programs\Microsoft VS Code\bin;C:\Program Files\JetBrains\IntelliJ IDEA 2024.3.3\bin;;C:\Program Files\JetBrains\IntelliJ IDEA Community Edition 2024.3.3\bin;;."/>
    <property name="java.vm.info" value="mixed mode, sharing"/>
    <property name="stderr.encoding" value="Cp1252"/>
    <property name="java.vendor" value="Oracle Corporation"/>
    <property name="java.vm.version" value="21.0.3+7-LTS-152"/>
    <property name="sun.io.unicode.encoding" value="UnicodeLittle"/>
    <property name="java.class.version" value="65.0"/>
  </properties>
  <testcase name="Logo" classname="Home_Page_Menu.Header_Menu_Header" time="0.614">
    <system-out><![CDATA[URL Entered
LOGO Validated
]]></system-out>
    <system-err><![CDATA[SLF4J: Failed to load class "org.slf4j.impl.StaticLoggerBinder".
SLF4J: Defaulting to no-operation (NOP) logger implementation
SLF4J: See http://www.slf4j.org/codes.html#StaticLoggerBinder for further details.
May 07, 2025 10:10:35 AM org.openqa.selenium.devtools.CdpVersionFinder findNearestMatch
WARNING: Unable to find CDP implementation matching 135
May 07, 2025 10:10:35 AM org.openqa.selenium.chromium.ChromiumDriver lambda$new$5
WARNING: Unable to find version of CDP to use for 135.0.7049.116. You may need to include a dependency on a specific version of the CDP using something similar to `org.seleniumhq.selenium:selenium-devtools-v86:4.18.1` where the version ("v86") matches the version of the chromium-based browser you're using and the version number of the artifact is the same as Selenium's.
log4j:WARN No appenders could be found for logger (Home_Page_Menu.Header_Menu_Header).
log4j:WARN Please initialize the log4j system properly.
log4j:WARN See http://logging.apache.org/log4j/1.2/faq.html#noconfig for more info.
]]></system-err>
  </testcase>
  <testcase name="Home_Menu" classname="Home_Page_Menu.Header_Menu_Header" time="0.563">
    <system-out><![CDATA[URL Entered
Home Menu Validated
]]></system-out>
  </testcase>
  <testcase name="About_Us_Menu" classname="Home_Page_Menu.Header_Menu_Header" time="1.358">
    <system-out><![CDATA[URL Entered
About Us Menu Validated
]]></system-out>
  </testcase>
  <testcase name="Get_Quote_Menu" classname="Home_Page_Menu.Header_Menu_Header" time="2.027">
    <system-out><![CDATA[URL Entered
Get_Quote Menu Validated
]]></system-out>
  </testcase>
  <testcase name="Contact_Menu" classname="Home_Page_Menu.Header_Menu_Header" time="0.924">
    <system-out><![CDATA[URL Entered
Contact Menu Validated
]]></system-out>
  </testcase>
  <testcase name="Portfolio_Menu" classname="Home_Page_Menu.Header_Menu_Header" time="1.476">
    <system-out><![CDATA[URL Entered
Portfolio Menu Validated
]]></system-out>
  </testcase>
  <testcase name="Blog_Menu" classname="Home_Page_Menu.Header_Menu_Header" time="1.478">
    <system-out><![CDATA[URL Entered
Blog Menu Validated
]]></system-out>
  </testcase>
  <testcase name="Contact_Telephone_Icon_Menu" classname="Home_Page_Menu.Header_Menu_Header" time="5.482">
    <system-out><![CDATA[URL Entered
Contact Telephone Icon Validated
]]></system-out>
  </testcase>
  <testcase name="ContactForm" classname="Form_Filling_Test.Forms_Validation" time="15.867">
    <system-out><![CDATA[URL Entered
Name Field Validated
Email Field Validated
Company Name Validated
Select Interest is Validated
Budget Field is Validated
Requirement Field is validated
Contact form Validated
]]></system-out>
    <system-err><![CDATA[May 07, 2025 10:10:55 AM org.openqa.selenium.devtools.CdpVersionFinder findNearestMatch
WARNING: Unable to find CDP implementation matching 135
May 07, 2025 10:10:55 AM org.openqa.selenium.chromium.ChromiumDriver lambda$new$5
WARNING: Unable to find version of CDP to use for 135.0.7049.116. You may need to include a dependency on a specific version of the CDP using something similar to `org.seleniumhq.selenium:selenium-devtools-v86:4.18.1` where the version ("v86") matches the version of the chromium-based browser you're using and the version number of the artifact is the same as Selenium's.
]]></system-err>
  </testcase>
  <testcase name="GetQuoteForm" classname="Form_Filling_Test.Forms_Validation" time="14.153">
    <system-out><![CDATA[URL Entered
Name Field Validated
Email Field Validated
Company Name Field Validated
Select Interest is Validated
Budget Field is Validated
Requirement Field is validated
Get Quote Form Validated
]]></system-out>
  </testcase>
  <testcase name="QuickConsultationForm" classname="Form_Filling_Test.Forms_Validation" time="12.937">
    <system-out><![CDATA[URL Entered
Name Field Validated
Email Field Validated
Select Interest is Validated
Budget Field is Validated
Requirement Field is validated
Quick Consultation form Validated
]]></system-out>
  </testcase>
  <testcase name="JobApplicationForm" classname="Form_Filling_Test.Forms_Validation" time="30.673">
    <system-out><![CDATA[URL Entered
Job Application Menu clicked
Name Field Validated
Email Field Validated
phone number field validated
Select Post is Validated
Location Field is Validated
Search Engine Field is Validated
Gender Field Vaidated
Year of Experience Field is Validated
Month of experience Field is Validated
Highest Qualification field is validated
Key Skills field is validated
Current Designation field is validated
Current Location Field is validated
Job Allication Form Validated
]]></system-out>
  </testcase>
  <testcase name="SendMessageForm" classname="Form_Filling_Test.Forms_Validation" time="6.626">
    <system-out><![CDATA[URL Entered
Moved to Home Element
Online is Clicked
Name Field Validated
Email Field Validated
Phone Field Validated
Interested service validated
Requirement field Validated
Frame Closer Vaidated
Send Message form Validated
]]></system-out>
  </testcase>
  <testcase name="Vendor_Form_Filling" classname="Form_Filling_Test.Forms_Validation" time="23.712">
    <system-out><![CDATA[URL Entered
Submenu clicked
Name of the company Field Validated
Number of employees is Validated
Company Type is Validated
Industry Experience Field is Validated
TEch Expertise is Validated
Tax ID Field Validated
Registration Number Field Validated
Address Field Validated
City Field Validated
Website Field Validated
Portfolio URL Field Validated
Name of the Contact person Field Validated
Job title of contact person Field Validated
Contact Number Field Validated
Whatsapp  Field Validated
Email field Field Validated
Bank Details Field Validated
Any Relevant Certificate Field Validated
Decision Maker Field Validated
Decision maker Email Field Validated
Brief Description about the company Field Validated
Vendor Registration form Validated
]]></system-out>
  </testcase>
  <testcase name="Mobile_App_Development_SubMenu" classname="Home_Page_Menu.Header_Services_Submenu" time="4.013">
    <system-out><![CDATA[URL Entered
Mousehover to the Service Menu
Submenu clicked
Mobile App Development Sub Menu Validated
]]></system-out>
    <system-err><![CDATA[May 07, 2025 10:12:46 AM org.openqa.selenium.devtools.CdpVersionFinder findNearestMatch
WARNING: Unable to find CDP implementation matching 135
May 07, 2025 10:12:46 AM org.openqa.selenium.chromium.ChromiumDriver lambda$new$5
WARNING: Unable to find version of CDP to use for 135.0.7049.116. You may need to include a dependency on a specific version of the CDP using something similar to `org.seleniumhq.selenium:selenium-devtools-v86:4.18.1` where the version ("v86") matches the version of the chromium-based browser you're using and the version number of the artifact is the same as Selenium's.
]]></system-err>
  </testcase>
  <testcase name="Digital_Marketing_SubMenu" classname="Home_Page_Menu.Header_Services_Submenu" time="1.601">
    <system-out><![CDATA[URL Entered
Mousehover to the Service Menu
Submenu clicked
Digital Marketing Sub Menu Validated
]]></system-out>
  </testcase>
  <testcase name="Mobile_App_Marketing_Agency_SubMenu" classname="Home_Page_Menu.Header_Services_Submenu" time="1.09">
    <system-out><![CDATA[URL Entered
Mousehover to the Service Menu
Submenu clicked
Mobile App Marketing Agency Sub Menu Validated
]]></system-out>
  </testcase>
  <testcase name="Hire_Our_Dedicated_Developers_SubMenu" classname="Home_Page_Menu.Header_Services_Submenu" time="1.483">
    <system-out><![CDATA[URL Entered
Mousehover to the Service Menu
Submenu clicked
Hire Our Didicated Developers Sub Menu Validated
]]></system-out>
  </testcase>
  <testcase name="Web_Design_And_Development_SubMenu" classname="Home_Page_Menu.Header_Services_Submenu" time="0.436">
    <system-out><![CDATA[URL Entered
Mousehover to the Service Menu
Submenu clicked
Web Design and Development Sub Menu Not Clickable
]]></system-out>
  </testcase>
  <testcase name="Business_Consulting_Services_SubMenu" classname="Home_Page_Menu.Header_Services_Submenu" time="1.124">
    <system-out><![CDATA[URL Entered
Mousehover to the Service Menu
Submenu clicked
Business Consulting Services Sub Menu Validated
]]></system-out>
  </testcase>
  <testcase name="AI_Services_SubMenu" classname="Home_Page_Menu.Header_Services_Submenu" time="1.146">
    <system-out><![CDATA[URL Entered
Mousehover to the Service Menu
Submenu clicked
AI Services Sub Menu Validated
]]></system-out>
  </testcase>
  <testcase name="GIS_Services_SubMenu" classname="Home_Page_Menu.Header_Services_Submenu" time="3.067">
    <system-out><![CDATA[URL Entered
Mousehover to the Service Menu
Submenu clicked
GIS Services Sub Menu Validated
]]></system-out>
  </testcase>
  <testcase name="Whatsapp_Icon" classname="Home_Page_Menu.Social_Media_Icons_Footer" time="12.571">
    <system-out><![CDATA[URL Entered
open chat Clicked
Whatsapp Icon Validated
]]></system-out>
    <system-err><![CDATA[May 07, 2025 10:13:09 AM org.openqa.selenium.devtools.CdpVersionFinder findNearestMatch
WARNING: Unable to find CDP implementation matching 135
May 07, 2025 10:13:09 AM org.openqa.selenium.chromium.ChromiumDriver lambda$new$5
WARNING: Unable to find version of CDP to use for 135.0.7049.116. You may need to include a dependency on a specific version of the CDP using something similar to `org.seleniumhq.selenium:selenium-devtools-v86:4.18.1` where the version ("v86") matches the version of the chromium-based browser you're using and the version number of the artifact is the same as Selenium's.
]]></system-err>
  </testcase>
  <testcase name="Facebook_Icon" classname="Home_Page_Menu.Social_Media_Icons_Footer" time="3.677">
    <system-out><![CDATA[URL Entered
Facebook Icon Validated
]]></system-out>
  </testcase>
  <testcase name="Twitter_Icon" classname="Home_Page_Menu.Social_Media_Icons_Footer" time="20.798">
    <system-out><![CDATA[URL Entered
Twitter Icon Validated
]]></system-out>
  </testcase>
  <testcase name="Pinterest_Icon" classname="Home_Page_Menu.Social_Media_Icons_Footer" time="3.56">
    <system-out><![CDATA[URL Entered
Pinterest Icon Validated
]]></system-out>
  </testcase>
  <testcase name="Youtube_Icon" classname="Home_Page_Menu.Social_Media_Icons_Footer" time="4.128">
    <system-out><![CDATA[URL Entered
Youtube icon Validated
]]></system-out>
  </testcase>
  <testcase name="Instagram_Icon" classname="Home_Page_Menu.Social_Media_Icons_Footer" time="4.183">
    <failure message="expected [Dot Com Infoway (@dotcominfowaydci) • Instagram photos and videos] but found [Login • Instagram]" type="java.lang.AssertionError"><![CDATA[java.lang.AssertionError: expected [Dot Com Infoway (@dotcominfowaydci) • Instagram photos and videos] but found [Login • Instagram]
	at org.testng.Assert.fail(Assert.java:111)
	at org.testng.Assert.failNotEquals(Assert.java:1578)
	at org.testng.Assert.assertEqualsImpl(Assert.java:150)
	at org.testng.Assert.assertEquals(Assert.java:132)
	at org.testng.Assert.assertEquals(Assert.java:656)
	at org.testng.Assert.assertEquals(Assert.java:666)
	at Base_Setup.Base_Code_Configuration.Assert(Base_Code_Configuration.java:316)
	at Home_Page_Menu.Social_Media_Icons_Footer.Instagram_Icon(Social_Media_Icons_Footer.java:119)
	at java.base/jdk.internal.reflect.DirectMethodHandleAccessor.invoke(DirectMethodHandleAccessor.java:103)
	at java.base/java.lang.reflect.Method.invoke(Method.java:580)
	at org.testng.internal.invokers.MethodInvocationHelper.invokeMethod(MethodInvocationHelper.java:139)
	at org.testng.internal.invokers.TestInvoker.invokeMethod(TestInvoker.java:664)
	at org.testng.internal.invokers.TestInvoker.invokeTestMethod(TestInvoker.java:228)
	at org.testng.internal.invokers.MethodRunner.runInSequence(MethodRunner.java:63)
	at org.testng.internal.invokers.TestInvoker$MethodInvocationAgent.invoke(TestInvoker.java:961)
	at org.testng.internal.invokers.TestInvoker.invokeTestMethods(TestInvoker.java:201)
	at org.testng.internal.invokers.TestMethodWorker.invokeTestMethods(TestMethodWorker.java:148)
	at org.testng.internal.invokers.TestMethodWorker.run(TestMethodWorker.java:128)
	at java.base/java.util.ArrayList.forEach(ArrayList.java:1596)
	at org.testng.TestRunner.privateRun(TestRunner.java:819)
	at org.testng.TestRunner.run(TestRunner.java:619)
	at org.testng.SuiteRunner.runTest(SuiteRunner.java:443)
	at org.testng.SuiteRunner.runSequentially(SuiteRunner.java:437)
	at org.testng.SuiteRunner.privateRun(SuiteRunner.java:397)
	at org.testng.SuiteRunner.run(SuiteRunner.java:336)
	at org.testng.SuiteRunnerWorker.runSuite(SuiteRunnerWorker.java:52)
	at org.testng.SuiteRunnerWorker.run(SuiteRunnerWorker.java:95)
	at org.testng.TestNG.runSuitesSequentially(TestNG.java:1301)
	at org.testng.TestNG.runSuitesSequentially(TestNG.java:1296)
	at org.testng.TestNG.runSuitesLocally(TestNG.java:1228)
	at org.testng.TestNG.runSuites(TestNG.java:1134)
	at org.testng.TestNG.run(TestNG.java:1101)
	at org.apache.maven.surefire.testng.TestNGExecutor.run(TestNGExecutor.java:308)
	at org.apache.maven.surefire.testng.TestNGXmlTestSuite.execute(TestNGXmlTestSuite.java:71)
	at org.apache.maven.surefire.testng.TestNGProvider.invoke(TestNGProvider.java:113)
	at org.apache.maven.surefire.booter.ForkedBooter.runSuitesInProcess(ForkedBooter.java:385)
	at org.apache.maven.surefire.booter.ForkedBooter.execute(ForkedBooter.java:162)
	at org.apache.maven.surefire.booter.ForkedBooter.run(ForkedBooter.java:507)
	at org.apache.maven.surefire.booter.ForkedBooter.main(ForkedBooter.java:495)
]]></failure>
    <system-out><![CDATA[URL Entered
]]></system-out>
  </testcase>
  <testcase name="Linkedin_Icon" classname="Home_Page_Menu.Social_Media_Icons_Footer" time="3.168">
    <system-out><![CDATA[URL Entered
Linkedin Icon Validated
]]></system-out>
  </testcase>
  <testcase name="AI_Case_Study_button" classname="Home_Page_Menu.Home_Menu_Body" time="0.402">
    <system-out><![CDATA[URL Entered
Moved to Home Element
AI Case Study clicked
AI Case button Validated
]]></system-out>
    <system-err><![CDATA[May 07, 2025 10:14:16 AM org.openqa.selenium.devtools.CdpVersionFinder findNearestMatch
WARNING: Unable to find CDP implementation matching 135
May 07, 2025 10:14:16 AM org.openqa.selenium.chromium.ChromiumDriver lambda$new$5
WARNING: Unable to find version of CDP to use for 135.0.7049.116. You may need to include a dependency on a specific version of the CDP using something similar to `org.seleniumhq.selenium:selenium-devtools-v86:4.18.1` where the version ("v86") matches the version of the chromium-based browser you're using and the version number of the artifact is the same as Selenium's.
]]></system-err>
  </testcase>
  <testcase name="Get_A_Free_Consultation" classname="Home_Page_Menu.Home_Menu_Body" time="3.356">
    <failure message="expected [true] but found [false]" type="java.lang.AssertionError"><![CDATA[java.lang.AssertionError: expected [true] but found [false]
	at org.testng.Assert.fail(Assert.java:111)
	at org.testng.Assert.failNotEquals(Assert.java:1578)
	at org.testng.Assert.assertTrue(Assert.java:57)
	at org.testng.Assert.assertTrue(Assert.java:67)
	at Base_Setup.Base_Code_Configuration.AssertFail(Base_Code_Configuration.java:327)
	at Home_Page_Menu.Home_Menu_Body.Get_A_Free_Consultation(Home_Menu_Body.java:65)
	at java.base/jdk.internal.reflect.DirectMethodHandleAccessor.invoke(DirectMethodHandleAccessor.java:103)
	at java.base/java.lang.reflect.Method.invoke(Method.java:580)
	at org.testng.internal.invokers.MethodInvocationHelper.invokeMethod(MethodInvocationHelper.java:139)
	at org.testng.internal.invokers.TestInvoker.invokeMethod(TestInvoker.java:664)
	at org.testng.internal.invokers.TestInvoker.invokeTestMethod(TestInvoker.java:228)
	at org.testng.internal.invokers.MethodRunner.runInSequence(MethodRunner.java:63)
	at org.testng.internal.invokers.TestInvoker$MethodInvocationAgent.invoke(TestInvoker.java:961)
	at org.testng.internal.invokers.TestInvoker.invokeTestMethods(TestInvoker.java:201)
	at org.testng.internal.invokers.TestMethodWorker.invokeTestMethods(TestMethodWorker.java:148)
	at org.testng.internal.invokers.TestMethodWorker.run(TestMethodWorker.java:128)
	at java.base/java.util.ArrayList.forEach(ArrayList.java:1596)
	at org.testng.TestRunner.privateRun(TestRunner.java:819)
	at org.testng.TestRunner.run(TestRunner.java:619)
	at org.testng.SuiteRunner.runTest(SuiteRunner.java:443)
	at org.testng.SuiteRunner.runSequentially(SuiteRunner.java:437)
	at org.testng.SuiteRunner.privateRun(SuiteRunner.java:397)
	at org.testng.SuiteRunner.run(SuiteRunner.java:336)
	at org.testng.SuiteRunnerWorker.runSuite(SuiteRunnerWorker.java:52)
	at org.testng.SuiteRunnerWorker.run(SuiteRunnerWorker.java:95)
	at org.testng.TestNG.runSuitesSequentially(TestNG.java:1301)
	at org.testng.TestNG.runSuitesSequentially(TestNG.java:1296)
	at org.testng.TestNG.runSuitesLocally(TestNG.java:1228)
	at org.testng.TestNG.runSuites(TestNG.java:1134)
	at org.testng.TestNG.run(TestNG.java:1101)
	at org.apache.maven.surefire.testng.TestNGExecutor.run(TestNGExecutor.java:308)
	at org.apache.maven.surefire.testng.TestNGXmlTestSuite.execute(TestNGXmlTestSuite.java:71)
	at org.apache.maven.surefire.testng.TestNGProvider.invoke(TestNGProvider.java:113)
	at org.apache.maven.surefire.booter.ForkedBooter.runSuitesInProcess(ForkedBooter.java:385)
	at org.apache.maven.surefire.booter.ForkedBooter.execute(ForkedBooter.java:162)
	at org.apache.maven.surefire.booter.ForkedBooter.run(ForkedBooter.java:507)
	at org.apache.maven.surefire.booter.ForkedBooter.main(ForkedBooter.java:495)
]]></failure>
    <system-out><![CDATA[URL Entered
Moved to Home Element
Get A Free Consultation clicked
Image are not Same
]]></system-out>
  </testcase>
  <testcase name="LatestBolg_ViewAll_button" classname="Home_Page_Menu.Home_Menu_Body" time="2.107">
    <system-out><![CDATA[URL Entered
Moved to Home Element
View all button clicked
Latest Bolg ViewAll button Validated
]]></system-out>
  </testcase>
  <testcase name="Mobile_App_Development_Icon" classname="Home_Page_Menu.Home_Menu_Body" time="1.61">
    <system-out><![CDATA[URL Entered
Mobile App development arrow icon clicked
Mobile App Development arrow icon Validated
]]></system-out>
  </testcase>
  <testcase name="Digital_Marketing_Icon" classname="Home_Page_Menu.Home_Menu_Body" time="1.509">
    <system-out><![CDATA[URL Entered
Digital Marketing arrow icon clicked
Digital Marketing arrow icon Validated
]]></system-out>
  </testcase>
  <testcase name="Mobile_App_Marketing_Icon" classname="Home_Page_Menu.Home_Menu_Body" time="2.188">
    <system-out><![CDATA[URL Entered
Mobile App Marketing Arrow icon clicked
Mobile App Marketing  arrow icon Validated
]]></system-out>
  </testcase>
  <testcase name="Hire_Our_Dedicated_Developers_Icon" classname="Home_Page_Menu.Home_Menu_Body" time="1.685">
    <system-out><![CDATA[URL Entered
Hire our Dedicated developer Icon clicked
Hire Our Didicated Developers Sub Menu Validated
]]></system-out>
  </testcase>
  <testcase name="Web_Development_Icon" classname="Home_Page_Menu.Home_Menu_Body" time="1.418">
    <system-out><![CDATA[URL Entered
Web development icon clicked
Web development arrow icon Validated
]]></system-out>
  </testcase>
  <testcase name="GIS_Services_Icon" classname="Home_Page_Menu.Home_Menu_Body" time="2.95">
    <system-out><![CDATA[URL Entered
GIS Service arrow icon clicked
GIS Services arrow icon Validated
]]></system-out>
  </testcase>
  <testcase name="Header" classname="Home_Page_Menu.Home_Menu_Body" time="0.438">
    <failure message="expected [true] but found [false]" type="java.lang.AssertionError"><![CDATA[java.lang.AssertionError: expected [true] but found [false]
	at org.testng.Assert.fail(Assert.java:111)
	at org.testng.Assert.failNotEquals(Assert.java:1578)
	at org.testng.Assert.assertTrue(Assert.java:57)
	at org.testng.Assert.assertTrue(Assert.java:67)
	at Base_Setup.Base_Code_Configuration.AssertFail(Base_Code_Configuration.java:327)
	at Home_Page_Menu.Home_Menu_Body.Header(Home_Menu_Body.java:194)
	at java.base/jdk.internal.reflect.DirectMethodHandleAccessor.invoke(DirectMethodHandleAccessor.java:103)
	at java.base/java.lang.reflect.Method.invoke(Method.java:580)
	at org.testng.internal.invokers.MethodInvocationHelper.invokeMethod(MethodInvocationHelper.java:139)
	at org.testng.internal.invokers.TestInvoker.invokeMethod(TestInvoker.java:664)
	at org.testng.internal.invokers.TestInvoker.invokeTestMethod(TestInvoker.java:228)
	at org.testng.internal.invokers.MethodRunner.runInSequence(MethodRunner.java:63)
	at org.testng.internal.invokers.TestInvoker$MethodInvocationAgent.invoke(TestInvoker.java:961)
	at org.testng.internal.invokers.TestInvoker.invokeTestMethods(TestInvoker.java:201)
	at org.testng.internal.invokers.TestMethodWorker.invokeTestMethods(TestMethodWorker.java:148)
	at org.testng.internal.invokers.TestMethodWorker.run(TestMethodWorker.java:128)
	at java.base/java.util.ArrayList.forEach(ArrayList.java:1596)
	at org.testng.TestRunner.privateRun(TestRunner.java:819)
	at org.testng.TestRunner.run(TestRunner.java:619)
	at org.testng.SuiteRunner.runTest(SuiteRunner.java:443)
	at org.testng.SuiteRunner.runSequentially(SuiteRunner.java:437)
	at org.testng.SuiteRunner.privateRun(SuiteRunner.java:397)
	at org.testng.SuiteRunner.run(SuiteRunner.java:336)
	at org.testng.SuiteRunnerWorker.runSuite(SuiteRunnerWorker.java:52)
	at org.testng.SuiteRunnerWorker.run(SuiteRunnerWorker.java:95)
	at org.testng.TestNG.runSuitesSequentially(TestNG.java:1301)
	at org.testng.TestNG.runSuitesSequentially(TestNG.java:1296)
	at org.testng.TestNG.runSuitesLocally(TestNG.java:1228)
	at org.testng.TestNG.runSuites(TestNG.java:1134)
	at org.testng.TestNG.run(TestNG.java:1101)
	at org.apache.maven.surefire.testng.TestNGExecutor.run(TestNGExecutor.java:308)
	at org.apache.maven.surefire.testng.TestNGXmlTestSuite.execute(TestNGXmlTestSuite.java:71)
	at org.apache.maven.surefire.testng.TestNGProvider.invoke(TestNGProvider.java:113)
	at org.apache.maven.surefire.booter.ForkedBooter.runSuitesInProcess(ForkedBooter.java:385)
	at org.apache.maven.surefire.booter.ForkedBooter.execute(ForkedBooter.java:162)
	at org.apache.maven.surefire.booter.ForkedBooter.run(ForkedBooter.java:507)
	at org.apache.maven.surefire.booter.ForkedBooter.main(ForkedBooter.java:495)
]]></failure>
    <system-out><![CDATA[URL Entered
Image are not Same
]]></system-out>
  </testcase>
  <testcase name="Header_Freeze" classname="Home_Page_Menu.Home_Menu_Body" time="2.832">
    <failure message="expected [true] but found [false]" type="java.lang.AssertionError"><![CDATA[java.lang.AssertionError: expected [true] but found [false]
	at org.testng.Assert.fail(Assert.java:111)
	at org.testng.Assert.failNotEquals(Assert.java:1578)
	at org.testng.Assert.assertTrue(Assert.java:57)
	at org.testng.Assert.assertTrue(Assert.java:67)
	at Base_Setup.Base_Code_Configuration.AssertFail(Base_Code_Configuration.java:327)
	at Home_Page_Menu.Home_Menu_Body.Header_Freeze(Home_Menu_Body.java:216)
	at java.base/jdk.internal.reflect.DirectMethodHandleAccessor.invoke(DirectMethodHandleAccessor.java:103)
	at java.base/java.lang.reflect.Method.invoke(Method.java:580)
	at org.testng.internal.invokers.MethodInvocationHelper.invokeMethod(MethodInvocationHelper.java:139)
	at org.testng.internal.invokers.TestInvoker.invokeMethod(TestInvoker.java:664)
	at org.testng.internal.invokers.TestInvoker.invokeTestMethod(TestInvoker.java:228)
	at org.testng.internal.invokers.MethodRunner.runInSequence(MethodRunner.java:63)
	at org.testng.internal.invokers.TestInvoker$MethodInvocationAgent.invoke(TestInvoker.java:961)
	at org.testng.internal.invokers.TestInvoker.invokeTestMethods(TestInvoker.java:201)
	at org.testng.internal.invokers.TestMethodWorker.invokeTestMethods(TestMethodWorker.java:148)
	at org.testng.internal.invokers.TestMethodWorker.run(TestMethodWorker.java:128)
	at java.base/java.util.ArrayList.forEach(ArrayList.java:1596)
	at org.testng.TestRunner.privateRun(TestRunner.java:819)
	at org.testng.TestRunner.run(TestRunner.java:619)
	at org.testng.SuiteRunner.runTest(SuiteRunner.java:443)
	at org.testng.SuiteRunner.runSequentially(SuiteRunner.java:437)
	at org.testng.SuiteRunner.privateRun(SuiteRunner.java:397)
	at org.testng.SuiteRunner.run(SuiteRunner.java:336)
	at org.testng.SuiteRunnerWorker.runSuite(SuiteRunnerWorker.java:52)
	at org.testng.SuiteRunnerWorker.run(SuiteRunnerWorker.java:95)
	at org.testng.TestNG.runSuitesSequentially(TestNG.java:1301)
	at org.testng.TestNG.runSuitesSequentially(TestNG.java:1296)
	at org.testng.TestNG.runSuitesLocally(TestNG.java:1228)
	at org.testng.TestNG.runSuites(TestNG.java:1134)
	at org.testng.TestNG.run(TestNG.java:1101)
	at org.apache.maven.surefire.testng.TestNGExecutor.run(TestNGExecutor.java:308)
	at org.apache.maven.surefire.testng.TestNGXmlTestSuite.execute(TestNGXmlTestSuite.java:71)
	at org.apache.maven.surefire.testng.TestNGProvider.invoke(TestNGProvider.java:113)
	at org.apache.maven.surefire.booter.ForkedBooter.runSuitesInProcess(ForkedBooter.java:385)
	at org.apache.maven.surefire.booter.ForkedBooter.execute(ForkedBooter.java:162)
	at org.apache.maven.surefire.booter.ForkedBooter.run(ForkedBooter.java:507)
	at org.apache.maven.surefire.booter.ForkedBooter.main(ForkedBooter.java:495)
]]></failure>
    <system-out><![CDATA[URL Entered
Image are not Same
]]></system-out>
  </testcase>
  <testcase name="Footer" classname="Home_Page_Menu.Home_Menu_Body" time="3.674">
    <failure message="expected [true] but found [false]" type="java.lang.AssertionError"><![CDATA[java.lang.AssertionError: expected [true] but found [false]
	at org.testng.Assert.fail(Assert.java:111)
	at org.testng.Assert.failNotEquals(Assert.java:1578)
	at org.testng.Assert.assertTrue(Assert.java:57)
	at org.testng.Assert.assertTrue(Assert.java:67)
	at Base_Setup.Base_Code_Configuration.AssertFail(Base_Code_Configuration.java:327)
	at Home_Page_Menu.Home_Menu_Body.Footer(Home_Menu_Body.java:251)
	at java.base/jdk.internal.reflect.DirectMethodHandleAccessor.invoke(DirectMethodHandleAccessor.java:103)
	at java.base/java.lang.reflect.Method.invoke(Method.java:580)
	at org.testng.internal.invokers.MethodInvocationHelper.invokeMethod(MethodInvocationHelper.java:139)
	at org.testng.internal.invokers.TestInvoker.invokeMethod(TestInvoker.java:664)
	at org.testng.internal.invokers.TestInvoker.invokeTestMethod(TestInvoker.java:228)
	at org.testng.internal.invokers.MethodRunner.runInSequence(MethodRunner.java:63)
	at org.testng.internal.invokers.TestInvoker$MethodInvocationAgent.invoke(TestInvoker.java:961)
	at org.testng.internal.invokers.TestInvoker.invokeTestMethods(TestInvoker.java:201)
	at org.testng.internal.invokers.TestMethodWorker.invokeTestMethods(TestMethodWorker.java:148)
	at org.testng.internal.invokers.TestMethodWorker.run(TestMethodWorker.java:128)
	at java.base/java.util.ArrayList.forEach(ArrayList.java:1596)
	at org.testng.TestRunner.privateRun(TestRunner.java:819)
	at org.testng.TestRunner.run(TestRunner.java:619)
	at org.testng.SuiteRunner.runTest(SuiteRunner.java:443)
	at org.testng.SuiteRunner.runSequentially(SuiteRunner.java:437)
	at org.testng.SuiteRunner.privateRun(SuiteRunner.java:397)
	at org.testng.SuiteRunner.run(SuiteRunner.java:336)
	at org.testng.SuiteRunnerWorker.runSuite(SuiteRunnerWorker.java:52)
	at org.testng.SuiteRunnerWorker.run(SuiteRunnerWorker.java:95)
	at org.testng.TestNG.runSuitesSequentially(TestNG.java:1301)
	at org.testng.TestNG.runSuitesSequentially(TestNG.java:1296)
	at org.testng.TestNG.runSuitesLocally(TestNG.java:1228)
	at org.testng.TestNG.runSuites(TestNG.java:1134)
	at org.testng.TestNG.run(TestNG.java:1101)
	at org.apache.maven.surefire.testng.TestNGExecutor.run(TestNGExecutor.java:308)
	at org.apache.maven.surefire.testng.TestNGXmlTestSuite.execute(TestNGXmlTestSuite.java:71)
	at org.apache.maven.surefire.testng.TestNGProvider.invoke(TestNGProvider.java:113)
	at org.apache.maven.surefire.booter.ForkedBooter.runSuitesInProcess(ForkedBooter.java:385)
	at org.apache.maven.surefire.booter.ForkedBooter.execute(ForkedBooter.java:162)
	at org.apache.maven.surefire.booter.ForkedBooter.run(ForkedBooter.java:507)
	at org.apache.maven.surefire.booter.ForkedBooter.main(ForkedBooter.java:495)
]]></failure>
    <system-out><![CDATA[URL Entered
Image are not Same
Footer Alignment Mismatch
]]></system-out>
  </testcase>
  <testcase name="Company_Fact_File_SubMenu" classname="Home_Page_Menu.Header_About_Us_SubMenu" time="1.524">
    <system-out><![CDATA[URL Entered
Submenu clicked
Company Fact File Sub Menu Validated
]]></system-out>
    <system-err><![CDATA[May 07, 2025 10:14:46 AM org.openqa.selenium.devtools.CdpVersionFinder findNearestMatch
WARNING: Unable to find CDP implementation matching 135
May 07, 2025 10:14:46 AM org.openqa.selenium.chromium.ChromiumDriver lambda$new$5
WARNING: Unable to find version of CDP to use for 135.0.7049.116. You may need to include a dependency on a specific version of the CDP using something similar to `org.seleniumhq.selenium:selenium-devtools-v86:4.18.1` where the version ("v86") matches the version of the chromium-based browser you're using and the version number of the artifact is the same as Selenium's.
]]></system-err>
  </testcase>
  <testcase name="Meet_the_Team_SubMenu" classname="Home_Page_Menu.Header_About_Us_SubMenu" time="0.681">
    <system-out><![CDATA[URL Entered
Submenu clicked
Meet the Team Sub Menu Validated
]]></system-out>
  </testcase>
  <testcase name="Our_Clients_SubMenu" classname="Home_Page_Menu.Header_About_Us_SubMenu" time="1.366">
    <system-out><![CDATA[URL Entered
Submenu clicked
Our Clients Sub Menu Validated
]]></system-out>
  </testcase>
  <testcase name="Products_SubMenu" classname="Home_Page_Menu.Header_About_Us_SubMenu" time="1.291">
    <system-out><![CDATA[URL Entered
Submenu clicked
Products Sub Menu Validated
]]></system-out>
  </testcase>
  <testcase name="Become_Our_Representative_SubMenu" classname="Home_Page_Menu.Header_About_Us_SubMenu" time="1.305">
    <system-out><![CDATA[URL Entered
Submenu clicked
Become Our Representative Sub Menu Validated
]]></system-out>
  </testcase>
  <testcase name="Business_Models_SubMenu" classname="Home_Page_Menu.Header_About_Us_SubMenu" time="0.759">
    <system-out><![CDATA[URL Entered
Submenu clicked
Business Models Sub Menu Validated
]]></system-out>
  </testcase>
  <testcase name="Awards_SubMenu" classname="Home_Page_Menu.Header_About_Us_SubMenu" time="0.736">
    <system-out><![CDATA[URL Entered
Submenu clicked
Awards Sub Menu Validated
]]></system-out>
  </testcase>
  <testcase name="Partner_With_Us_SubMenu" classname="Home_Page_Menu.Header_About_Us_SubMenu" time="0.932">
    <system-out><![CDATA[URL Entered
Submenu clicked
Partner With Us Sub Menu Validated
]]></system-out>
  </testcase>
  <testcase name="Testimonials_SubMenu" classname="Home_Page_Menu.Header_About_Us_SubMenu" time="0.85">
    <system-out><![CDATA[URL Entered
Submenu clicked
Testimonials Sub Menu Validated
]]></system-out>
  </testcase>
  <testcase name="Vendor_Registration_SubMenu" classname="Home_Page_Menu.Header_About_Us_SubMenu" time="0.671">
    <system-out><![CDATA[URL Entered
Submenu clicked
Vendor Registration Sub Menu Validated
]]></system-out>
  </testcase>
  <testcase name="Technologies_SubMenu" classname="Home_Page_Menu.Header_About_Us_SubMenu" time="0.695">
    <system-out><![CDATA[URL Entered
Submenu clicked
Technologies Sub Menu Validated
]]></system-out>
  </testcase>
  <testcase name="Methodology_SubMenu" classname="Home_Page_Menu.Header_About_Us_SubMenu" time="0.618">
    <system-out><![CDATA[URL Entered
Submenu clicked
Methodology Sub Menu Validated
]]></system-out>
  </testcase>
  <testcase name="Alliances_SubMenu" classname="Home_Page_Menu.Header_About_Us_SubMenu" time="0.633">
    <system-out><![CDATA[URL Entered
Submenu clicked
Alliances Sub Menu Validated
]]></system-out>
  </testcase>
  <testcase name="Infrastructure_SubMenu" classname="Home_Page_Menu.Header_About_Us_SubMenu" time="0.711">
    <system-out><![CDATA[URL Entered
Submenu clicked
Infrastructure Sub Menu Validated
]]></system-out>
  </testcase>
  <testcase name="Group_Companies_SubMenu" classname="Home_Page_Menu.Header_About_Us_SubMenu" time="0.686">
    <system-out><![CDATA[URL Entered
Submenu clicked
Group Companies Sub Menu Validated
]]></system-out>
  </testcase>
  <testcase name="Job_Enquiry_Apply_Here_Menu" classname="Home_Page_Menu.Home_Page_Footer_Menu" time="1.119">
    <system-out><![CDATA[URL Entered
Job Enquiry apply here menu clicked
Footer Job Application Menu Validated
]]></system-out>
    <system-err><![CDATA[May 07, 2025 10:15:06 AM org.openqa.selenium.devtools.CdpVersionFinder findNearestMatch
WARNING: Unable to find CDP implementation matching 135
May 07, 2025 10:15:06 AM org.openqa.selenium.chromium.ChromiumDriver lambda$new$5
WARNING: Unable to find version of CDP to use for 135.0.7049.116. You may need to include a dependency on a specific version of the CDP using something similar to `org.seleniumhq.selenium:selenium-devtools-v86:4.18.1` where the version ("v86") matches the version of the chromium-based browser you're using and the version number of the artifact is the same as Selenium's.
]]></system-err>
  </testcase>
  <testcase name="About_Us_Menu" classname="Home_Page_Menu.Home_Page_Footer_Menu" time="0.759">
    <system-out><![CDATA[URL Entered
About us menu clicked
Footer About Us Menu Validated
]]></system-out>
  </testcase>
  <testcase name="Careers_Menu" classname="Home_Page_Menu.Home_Page_Footer_Menu" time="0.757">
    <system-out><![CDATA[URL Entered
Careers Menu clicked
Footer Careers Menu Validated
]]></system-out>
  </testcase>
  <testcase name="Become_Our_Representative_Menu" classname="Home_Page_Menu.Home_Page_Footer_Menu" time="1.256">
    <system-out><![CDATA[URL Entered
Become our Representatives menu clicked
Footer Become Our Representative Menu Validated
]]></system-out>
  </testcase>
  <testcase name="Privacy_Policy_Menu" classname="Home_Page_Menu.Home_Page_Footer_Menu" time="0.97">
    <system-out><![CDATA[URL Entered
Privacy policy menu clicked
Footer Privacy Policy Menu Validated
]]></system-out>
  </testcase>
  <testcase name="SiteMap_Menu" classname="Home_Page_Menu.Home_Page_Footer_Menu" time="0.828">
    <system-out><![CDATA[URL Entered
site map menu clicked
Footer Subscribe button Validated
]]></system-out>
  </testcase>
  <testcase name="Subscribe_NewsLetter_Field" classname="Home_Page_Menu.Home_Page_Footer_Menu" time="6.695">
    <system-out><![CDATA[URL Entered
Mousehover to the Service Menu
Subscibe button clicked
Footer Subscibe button Validated
]]></system-out>
  </testcase>
  <testcase name="iOS_App_Development_Menu" classname="Home_Page_Menu.Home_Page_Footer_Menu" time="4.246">
    <system-out><![CDATA[URL Entered
iOS App Development Menu clicked
iOS App Development Menu Validated
]]></system-out>
  </testcase>
  <testcase name="Android_App_Development_Menu" classname="Home_Page_Menu.Home_Page_Footer_Menu" time="1.054">
    <system-out><![CDATA[URL Entered
Android App Development Menu clicked
Android App Development Menu Validated
]]></system-out>
  </testcase>
  <testcase name="Mobile_Games_Marketing_Menu" classname="Home_Page_Menu.Home_Page_Footer_Menu" time="1.832">
    <system-out><![CDATA[URL Entered
Mobile Games Marketing Menu clicked
Mobile Games Marketing Menu Validated
]]></system-out>
  </testcase>
  <testcase name="App_Store_Optimization_Services_Menu" classname="Home_Page_Menu.Home_Page_Footer_Menu" time="1.715">
    <system-out><![CDATA[URL Entered
App Store Optimization Services Menu clicked
App Store Optimization Services Menu Validated
]]></system-out>
  </testcase>
  <testcase name="IoT_Development_Services_Menu" classname="Home_Page_Menu.Home_Page_Footer_Menu" time="0.979">
    <system-out><![CDATA[URL Entered
IoT Development Services Menu clicked
IoT Development Services Menu Validated
]]></system-out>
  </testcase>
  <testcase name="AI_Services_Menu" classname="Home_Page_Menu.Home_Page_Footer_Menu" time="1.304">
    <system-out><![CDATA[URL Entered
AI Services Menu clicked
AI Services Menu Validated
]]></system-out>
  </testcase>
  <testcase name="GIS_Services_Menu" classname="Home_Page_Menu.Home_Page_Footer_Menu" time="2.831">
    <system-out><![CDATA[URL Entered
GIS Services Menu clicked
GIS Services Menu Validated
]]></system-out>
  </testcase>
  <testcase name="Web_App_Development_Menu" classname="Home_Page_Menu.Home_Page_Footer_Menu" time="0.925">
    <system-out><![CDATA[URL Entered
Web App Development Menu clicked
Web App Development Menu Validated
]]></system-out>
  </testcase>
  <testcase name="Wallet_Integration_Menu" classname="Home_Page_Menu.Home_Page_Footer_Menu" time="0.986">
    <system-out><![CDATA[URL Entered
Wallet Integration Menu clicked
Wallet Integration Menu Validated
]]></system-out>
  </testcase>
  <testcase name="Conversion_Rate_Optimization_Services_Menu" classname="Home_Page_Menu.Home_Page_Footer_Menu" time="1.051">
    <system-out><![CDATA[URL Entered
Conversion Rate Optimization Services Menu clicked
Conversion Rate Optimization Services Menu Validated
]]></system-out>
  </testcase>
  <testcase name="Performance_Marketing_Services_Menu" classname="Home_Page_Menu.Home_Page_Footer_Menu" time="1.266">
    <system-out><![CDATA[URL Entered
Performance Marketing Services Menu clicked
 Performance Marketing Services Menu Validated
]]></system-out>
  </testcase>
  <testcase name="School_Management_Software_Menu" classname="Home_Page_Menu.Home_Page_Footer_Menu" time="2.467">
    <system-out><![CDATA[URL Entered
School Management Software Menu clicked
School Management Software Menu Validated
]]></system-out>
  </testcase>
  <testcase name="Intelligent_Business_Process_Automation_Software_Menu" classname="Home_Page_Menu.Home_Page_Footer_Menu" time="1.646">
    <system-out><![CDATA[URL Entered
Intelligent Business Process Automation Software Menu clicked
Intelligent Business Process Automation Software Menu Validated
]]></system-out>
  </testcase>
  <testcase name="Case_Studies_SubMenu" classname="Home_Page_Menu.Header_Resource_Submenu" time="1.669">
    <system-out><![CDATA[URL Entered
Mousehover to the Resource Menu
Submenu clicked
Case Studies Sub Menu Validated
]]></system-out>
    <system-err><![CDATA[May 07, 2025 10:15:48 AM org.openqa.selenium.devtools.CdpVersionFinder findNearestMatch
WARNING: Unable to find CDP implementation matching 135
May 07, 2025 10:15:48 AM org.openqa.selenium.chromium.ChromiumDriver lambda$new$5
WARNING: Unable to find version of CDP to use for 135.0.7049.116. You may need to include a dependency on a specific version of the CDP using something similar to `org.seleniumhq.selenium:selenium-devtools-v86:4.18.1` where the version ("v86") matches the version of the chromium-based browser you're using and the version number of the artifact is the same as Selenium's.
]]></system-err>
  </testcase>
  <testcase name="White_Papers_SubMenu" classname="Home_Page_Menu.Header_Resource_Submenu" time="1.479">
    <system-out><![CDATA[URL Entered
Mousehover to the Resource Menu
Submenu clicked
White Papers Sub Menu Validated
]]></system-out>
  </testcase>
  <testcase name="Ebooks_SubMenu" classname="Home_Page_Menu.Header_Resource_Submenu" time="0.76">
    <system-out><![CDATA[URL Entered
Mousehover to the Resource Menu
Submenu clicked
Ebooks Sub Menu Validated
]]></system-out>
  </testcase>
  <testcase name="Webinars_SubMenu" classname="Home_Page_Menu.Header_Resource_Submenu" time="0.674">
    <system-out><![CDATA[URL Entered
Mousehover to the Resource Menu
Submenu clicked
Webinars Sub Menu Validated
]]></system-out>
  </testcase>
  <testcase name="Knowledge_Base_SubMenu" classname="Home_Page_Menu.Header_Resource_Submenu" time="0.869">
    <system-out><![CDATA[URL Entered
Mousehover to the Resource Menu
Submenu clicked
Knowledge Base Sub Menu Validated
]]></system-out>
  </testcase>
  <testcase name="Android_App_Development_SubMenu" classname="Home_Page_Menu.Services_MobileAppDevelopmentMenu" time="1.37">
    <system-out><![CDATA[URL Entered
Mousehover to the Service Menu
Mousehover to the Mobile App development Submenu
Submenu clicked
Android App Development Sub Menu Validated
]]></system-out>
    <system-err><![CDATA[May 07, 2025 10:16:01 AM org.openqa.selenium.devtools.CdpVersionFinder findNearestMatch
WARNING: Unable to find CDP implementation matching 135
May 07, 2025 10:16:01 AM org.openqa.selenium.chromium.ChromiumDriver lambda$new$5
WARNING: Unable to find version of CDP to use for 135.0.7049.116. You may need to include a dependency on a specific version of the CDP using something similar to `org.seleniumhq.selenium:selenium-devtools-v86:4.18.1` where the version ("v86") matches the version of the chromium-based browser you're using and the version number of the artifact is the same as Selenium's.
]]></system-err>
  </testcase>
  <testcase name="Enterprise_Mobile_Application_Development_SubMenu" classname="Home_Page_Menu.Services_MobileAppDevelopmentMenu" time="1.452">
    <system-out><![CDATA[URL Entered
Mousehover to the Service Menu
Mousehover to the Mobile App development Submenu
Submenu clicked
Enterprise Mobile Application Development Sub Menu Validated
]]></system-out>
  </testcase>
  <testcase name="Startup_App_Development_SubMenu" classname="Home_Page_Menu.Services_MobileAppDevelopmentMenu" time="16.351">
    <system-out><![CDATA[URL Entered
Mousehover to the Service Menu
Mousehover to the Mobile App development Submenu
Submenu clicked
Startup App Development Sub Menu Validated
]]></system-out>
  </testcase>
  <testcase name="iOS_App_Developmentt_SubMenu" classname="Home_Page_Menu.Services_MobileAppDevelopmentMenu" time="0.996">
    <system-out><![CDATA[URL Entered
Mousehover to the Service Menu
Mousehover to the Mobile App development Submenu
Submenu clicked
iOS App Development Sub Menu Validated
]]></system-out>
  </testcase>
  <testcase name="Blockchain_Development_SubMenu" classname="Home_Page_Menu.Services_MobileAppDevelopmentMenu" time="1.751">
    <system-out><![CDATA[URL Entered
Mousehover to the Service Menu
Mousehover to the Mobile App development Submenu
Submenu clicked
Blockchain Development Sub Menu Validated
]]></system-out>
  </testcase>
  <testcase name="Performance_Marketing_services_SubMenu" classname="Home_Page_Menu.Services_DigitalMarketingMenu" time="1.01">
    <system-out><![CDATA[URL Entered
Mousehover to the Service Menu
Mousehover to the Digital Marketing Submenu
Submenu clicked
Performance Marketing services Sub Menu Validated
]]></system-out>
    <system-err><![CDATA[May 07, 2025 10:16:31 AM org.openqa.selenium.devtools.CdpVersionFinder findNearestMatch
WARNING: Unable to find CDP implementation matching 135
May 07, 2025 10:16:31 AM org.openqa.selenium.chromium.ChromiumDriver lambda$new$5
WARNING: Unable to find version of CDP to use for 135.0.7049.116. You may need to include a dependency on a specific version of the CDP using something similar to `org.seleniumhq.selenium:selenium-devtools-v86:4.18.1` where the version ("v86") matches the version of the chromium-based browser you're using and the version number of the artifact is the same as Selenium's.
]]></system-err>
  </testcase>
  <testcase name="SaaS_Marketing_SubMenu" classname="Home_Page_Menu.Services_DigitalMarketingMenu" time="5.253">
    <system-out><![CDATA[URL Entered
Mousehover to the Service Menu
Mousehover to the Digital Marketing Submenu
Submenu clicked
SaaS Marketing Sub Menu Validated
]]></system-out>
  </testcase>
  <testcase name="ICO_Marketing_SubMenu" classname="Home_Page_Menu.Services_DigitalMarketingMenu" time="0.91">
    <system-out><![CDATA[URL Entered
Mousehover to the Service Menu
Mousehover to the Digital Marketing Submenu
Submenu clicked
ICO Marketing Sub Menu Validated
]]></system-out>
  </testcase>
  <testcase name="Influencer_Marketing_Services_SubMenu" classname="Home_Page_Menu.Services_DigitalMarketingMenu" time="1.346">
    <system-out><![CDATA[URL Entered
Mousehover to the Service Menu
Mousehover to the Digital Marketing Submenu
Submenu clicked
Influencer Marketing Services Sub Menu Validated
]]></system-out>
  </testcase>
  <testcase name="Search_Engine_Optimization_SubMenu" classname="Home_Page_Menu.Services_DigitalMarketingMenu" time="1.887">
    <system-out><![CDATA[URL Entered
Mousehover to the Service Menu
Mousehover to the Digital Marketing Submenu
Submenu clicked
Search Engine Optimization Sub Menu Validated
]]></system-out>
  </testcase>
  <testcase name="PPC_Management_and_Strategy_SubMenu" classname="Home_Page_Menu.Services_DigitalMarketingMenu" time="1.442">
    <system-out><![CDATA[URL Entered
Mousehover to the Service Menu
Mousehover to the Digital Marketing Submenu
Submenu clicked
PPC Management & Strategy Sub Menu Validated
]]></system-out>
  </testcase>
  <testcase name="Social_Media_Management_and_Strategy_SubMenu" classname="Home_Page_Menu.Services_DigitalMarketingMenu" time="0.885">
    <system-out><![CDATA[URL Entered
Mousehover to the Service Menu
Mousehover to the Digital Marketing Submenu
Submenu clicked
Social Media Management & Strategy Sub Menu Validated
]]></system-out>
  </testcase>
  <testcase name="Conversion_Rate_Optimization_Services_SubMenu" classname="Home_Page_Menu.Services_DigitalMarketingMenu" time="1.416">
    <system-out><![CDATA[URL Entered
Mousehover to the Service Menu
Mousehover to the Digital Marketing Submenu
Submenu clicked
Conversion Rate Optimization Services Sub Menu Validated
]]></system-out>
  </testcase>
  <testcase name="Multilingual_SEO_SubMenu" classname="Home_Page_Menu.Services_DigitalMarketingMenu" time="0.798">
    <system-out><![CDATA[URL Entered
Mousehover to the Service Menu
Mousehover to the Digital Marketing Submenu
Submenu clicked
Multilingual SEO Sub Menu Validated
]]></system-out>
  </testcase>
  <testcase name="Google_Search_Optimization_SubMenu" classname="Home_Page_Menu.Services_DigitalMarketingMenu" time="1.43">
    <system-out><![CDATA[URL Entered
Mousehover to the Service Menu
Mousehover to the Digital Marketing Submenu
Submenu clicked
Google Search Optimization Sub Menu Validated
]]></system-out>
  </testcase>
  <testcase name="Google_Grants_SubMenu" classname="Home_Page_Menu.Services_DigitalMarketingMenu" time="0.764">
    <system-out><![CDATA[URL Entered
Mousehover to the Service Menu
Mousehover to the Digital Marketing Submenu
Submenu clicked
Google Grants Sub Menu Validated
]]></system-out>
  </testcase>
  <testcase name="Inbound_marketing_services_SubMenu" classname="Home_Page_Menu.Services_DigitalMarketingMenu" time="0.905">
    <system-out><![CDATA[URL Entered
Mousehover to the Service Menu
Mousehover to the Digital Marketing Submenu
Submenu clicked
Inbound marketing services Sub Menu Validated
]]></system-out>
  </testcase>
  <testcase name="DV360_Traffic_Management_Services_SubMenu" classname="Home_Page_Menu.Services_DigitalMarketingMenu" time="0.89">
    <system-out><![CDATA[URL Entered
Mousehover to the Service Menu
Mousehover to the Digital Marketing Submenu
Submenu clicked
DV360 Traffic Management Services Sub Menu Validated
]]></system-out>
  </testcase>
  <testcase name="Account_Based_Marketing_Services_SubMenu" classname="Home_Page_Menu.Services_DigitalMarketingMenu" time="0.757">
    <system-out><![CDATA[URL Entered
Mousehover to the Service Menu
Mousehover to the Digital Marketing Submenu
Submenu clicked
Account Based Marketing Services Sub Menu Validated
]]></system-out>
  </testcase>
  <testcase name="App_Store_Optimization_Services_SubMenu" classname="Home_Page_Menu.Services_MobileAppMarketingAgency_Menu" time="3.536">
    <system-out><![CDATA[URL Entered
Mousehover to the Service Menu
Mousehover to the Mobile App Marketing Agency Submenu
Submenu clicked
App Store Optimization Services Sub Menu Validated
]]></system-out>
    <system-err><![CDATA[May 07, 2025 10:17:05 AM org.openqa.selenium.devtools.CdpVersionFinder findNearestMatch
WARNING: Unable to find CDP implementation matching 135
May 07, 2025 10:17:05 AM org.openqa.selenium.chromium.ChromiumDriver lambda$new$5
WARNING: Unable to find version of CDP to use for 135.0.7049.116. You may need to include a dependency on a specific version of the CDP using something similar to `org.seleniumhq.selenium:selenium-devtools-v86:4.18.1` where the version ("v86") matches the version of the chromium-based browser you're using and the version number of the artifact is the same as Selenium's.
]]></system-err>
  </testcase>
  <testcase name="Localization_SubMenu" classname="Home_Page_Menu.Services_MobileAppMarketingAgency_Menu" time="2.621">
    <system-out><![CDATA[URL Entered
Mousehover to the Service Menu
Mousehover to the Mobile App Marketing Agency Submenu
Submenu clicked
Localization Sub Menu Validated
]]></system-out>
  </testcase>
  <testcase name="User_Engagement_SubMenu" classname="Home_Page_Menu.Services_MobileAppMarketingAgency_Menu" time="2.779">
    <system-out><![CDATA[URL Entered
Mousehover to the Service Menu
Mousehover to the Mobile App Marketing Agency Submenu
Submenu clicked
User Engagement Sub Menu Validated
]]></system-out>
  </testcase>
  <testcase name="Android_Apps_Marketing_SubMenu" classname="Home_Page_Menu.Services_MobileAppMarketingAgency_Menu" time="2.271">
    <system-out><![CDATA[URL Entered
Mousehover to the Service Menu
Mousehover to the Mobile App Marketing Agency Submenu
Submenu clicked
Android Apps Marketing Sub Menu Validated
]]></system-out>
  </testcase>
  <testcase name="iPhone_Apps_Marketing_SubMenu" classname="Home_Page_Menu.Services_MobileAppMarketingAgency_Menu" time="2.921">
    <system-out><![CDATA[URL Entered
Mousehover to the Service Menu
Mousehover to the Mobile App Marketing Agency Submenu
Submenu clicked
iPhone Apps Marketing Sub Menu Validated
]]></system-out>
  </testcase>
  <testcase name="Free_Consulations_Service_SubMenu" classname="Home_Page_Menu.Services_MobileAppMarketingAgency_Menu" time="5.549">
    <system-out><![CDATA[URL Entered
Mousehover to the Service Menu
Mousehover to the Mobile App Marketing Agency Submenu
Submenu clicked
Free Consulations Service Sub Menu Validated
]]></system-out>
  </testcase>
  <testcase name="Mobile_App_Ads_Campaign_Management_SubMenu" classname="Home_Page_Menu.Services_MobileAppMarketingAgency_Menu" time="5.45">
    <system-out><![CDATA[URL Entered
Mousehover to the Service Menu
Mousehover to the Mobile App Marketing Agency Submenu
Submenu clicked
Mobile App Ads Campaign Management Sub Menu Validated
]]></system-out>
  </testcase>
  <testcase name="Mobile_Games_Marketing_SubMenu" classname="Home_Page_Menu.Services_MobileAppMarketingAgency_Menu" time="2.587">
    <system-out><![CDATA[URL Entered
Mousehover to the Service Menu
Mousehover to the Mobile App Marketing Agency Submenu
Submenu clicked
Mobile Games Marketing Sub Menu Validated
]]></system-out>
  </testcase>
  <testcase name="Mobile_Pre_Launch_Activities_SubMenu" classname="Home_Page_Menu.Services_MobileAppMarketingAgency_Menu" time="2.452">
    <system-out><![CDATA[URL Entered
Mousehover to the Service Menu
Mousehover to the Mobile App Marketing Agency Submenu
Submenu clicked
Mobile Pre Launch Activities Sub Menu Validated
]]></system-out>
  </testcase>
  <testcase name="Mobile_App_Market_Research_SubMenu" classname="Home_Page_Menu.Services_MobileAppMarketingAgency_Menu" time="5.499">
    <system-out><![CDATA[URL Entered
Mousehover to the Service Menu
Mousehover to the Mobile App Marketing Agency Submenu
Submenu clicked
Mobile App Market Research Sub Menu Validated
]]></system-out>
  </testcase>
  <testcase name="Mobile_App_Growth_Marketing_SubMenu" classname="Home_Page_Menu.Services_MobileAppMarketingAgency_Menu" time="2.383">
    <system-out><![CDATA[URL Entered
Mousehover to the Service Menu
Mousehover to the Mobile App Marketing Agency Submenu
Submenu clicked
Mobile App Growth Marketing Sub Menu Validated
]]></system-out>
  </testcase>
  <testcase name="Mobile_App_Prototype_SubMenu" classname="Home_Page_Menu.Services_MobileAppMarketingAgency_Menu" time="2.438">
    <system-out><![CDATA[URL Entered
Mousehover to the Service Menu
Mousehover to the Mobile App Marketing Agency Submenu
Submenu clicked
Mobile App Prototype Sub Menu Validated
]]></system-out>
  </testcase>
  <testcase name="Hire_Our_Android_Developer_SubMenu" classname="Home_Page_Menu.Services_HireOurDedicatedDevelopers" time="1.0">
    <system-out><![CDATA[URL Entered
Mousehover to the Service Menu
 MouseOver to Hire Our Dedicated Developers Submenu
Submenu clicked
Hire Our Android Developer Sub Menu Validated
]]></system-out>
    <system-err><![CDATA[May 07, 2025 10:18:25 AM org.openqa.selenium.devtools.CdpVersionFinder findNearestMatch
WARNING: Unable to find CDP implementation matching 135
May 07, 2025 10:18:25 AM org.openqa.selenium.chromium.ChromiumDriver lambda$new$5
WARNING: Unable to find version of CDP to use for 135.0.7049.116. You may need to include a dependency on a specific version of the CDP using something similar to `org.seleniumhq.selenium:selenium-devtools-v86:4.18.1` where the version ("v86") matches the version of the chromium-based browser you're using and the version number of the artifact is the same as Selenium's.
]]></system-err>
  </testcase>
  <testcase name="Hire_Our_iOS_Developers_SubMenu" classname="Home_Page_Menu.Services_HireOurDedicatedDevelopers" time="0.886">
    <system-out><![CDATA[URL Entered
Mousehover to the Service Menu
 MouseOver to Hire Our Dedicated Developers Submenu
Submenu clicked
Hire Our iOS Developers Sub Menu Validated
]]></system-out>
  </testcase>
  <testcase name="Hire_Our_WordPress_Developers_SubMenu" classname="Home_Page_Menu.Services_HireOurDedicatedDevelopers" time="0.896">
    <system-out><![CDATA[URL Entered
Mousehover to the Service Menu
 MouseOver to Hire Our Dedicated Developers Submenu
Submenu clicked
Hire Our WordPress Developers Sub Menu Validated
]]></system-out>
  </testcase>
  <testcase name="Hire_Our_PHP_Developers_SubMenu" classname="Home_Page_Menu.Services_HireOurDedicatedDevelopers" time="1.629">
    <system-out><![CDATA[URL Entered
Mousehover to the Service Menu
 MouseOver to Hire Our Dedicated Developers Submenu
Submenu clicked
Hire Our PHP Developers Sub Menu Validated
]]></system-out>
  </testcase>
  <testcase name="Hire_Our_DotNET_Developers_SubMenu" classname="Home_Page_Menu.Services_HireOurDedicatedDevelopers" time="0.691">
    <system-out><![CDATA[URL Entered
Mousehover to the Service Menu
 MouseOver to Hire Our Dedicated Developers Submenu
Submenu clicked
Hire Our .NET Developers Sub Menu Validated
]]></system-out>
  </testcase>
  <testcase name="Mobile_App_Business_Consultation_SubMenu" classname="Home_Page_Menu.Services_BusinessConsultingServices" time="1.002">
    <system-out><![CDATA[URL Entered
Mousehover to the Service Menu
Mousehover to the Business Consulting Services Submenu
Submenu clicked
Mobile App Business Consultation Sub Menu Validated
]]></system-out>
    <system-err><![CDATA[May 07, 2025 10:18:39 AM org.openqa.selenium.devtools.CdpVersionFinder findNearestMatch
WARNING: Unable to find CDP implementation matching 135
May 07, 2025 10:18:39 AM org.openqa.selenium.chromium.ChromiumDriver lambda$new$5
WARNING: Unable to find version of CDP to use for 135.0.7049.116. You may need to include a dependency on a specific version of the CDP using something similar to `org.seleniumhq.selenium:selenium-devtools-v86:4.18.1` where the version ("v86") matches the version of the chromium-based browser you're using and the version number of the artifact is the same as Selenium's.
]]></system-err>
  </testcase>
  <testcase name="Web_Development_Menu" classname="Home_Page_Menu.Services_Web_DesignAndDevelopment_Submenu" time="1.001">
    <system-out><![CDATA[URL Entered
Mousehover to the Service Menu
MouseOver to Web Design & Development Submenu
Web Development Submenu clicked
Web Development Sub Menu Validated
]]></system-out>
    <system-err><![CDATA[May 07, 2025 10:18:44 AM org.openqa.selenium.devtools.CdpVersionFinder findNearestMatch
WARNING: Unable to find CDP implementation matching 135
May 07, 2025 10:18:44 AM org.openqa.selenium.chromium.ChromiumDriver lambda$new$5
WARNING: Unable to find version of CDP to use for 135.0.7049.116. You may need to include a dependency on a specific version of the CDP using something similar to `org.seleniumhq.selenium:selenium-devtools-v86:4.18.1` where the version ("v86") matches the version of the chromium-based browser you're using and the version number of the artifact is the same as Selenium's.
]]></system-err>
  </testcase>
  <testcase name="UI_And_UX_Design_Menu" classname="Home_Page_Menu.Services_Web_DesignAndDevelopment_Submenu" time="1.552">
    <system-out><![CDATA[URL Entered
Mousehover to the Service Menu
MouseOver to Web Design & Development Submenu
UI & UX Design Submenu clicked
UI & UX Design Sub Menu Validated
]]></system-out>
  </testcase>
  <testcase name="Content_Management_System_Menu" classname="Home_Page_Menu.Services_Web_DesignAndDevelopment_Submenu" time="0.794">
    <system-out><![CDATA[URL Entered
Mousehover to the Service Menu
MouseOver to Web Design & Development Submenu
Content Management System Submenu clicked
Content Management System Sub Menu Validated
]]></system-out>
  </testcase>
  <testcase name="Drupal_Development_SubMenu" classname="Home_Page_Menu.Services_WebDesignAndDevelopment_CMS_Submenu" time="1.905">
    <system-out><![CDATA[URL Entered
Mousehover to the Service Menu
MouseOver to Web Design & Development Submenu
MouseOver to Content Management System Submenu
Drupal Development Submenu clicked
Drupal Development Sub Menu Validated
]]></system-out>
    <system-err><![CDATA[May 07, 2025 10:18:53 AM org.openqa.selenium.devtools.CdpVersionFinder findNearestMatch
WARNING: Unable to find CDP implementation matching 135
May 07, 2025 10:18:53 AM org.openqa.selenium.chromium.ChromiumDriver lambda$new$5
WARNING: Unable to find version of CDP to use for 135.0.7049.116. You may need to include a dependency on a specific version of the CDP using something similar to `org.seleniumhq.selenium:selenium-devtools-v86:4.18.1` where the version ("v86") matches the version of the chromium-based browser you're using and the version number of the artifact is the same as Selenium's.
]]></system-err>
  </testcase>
  <testcase name="Joomla_Development_SubMenu" classname="Home_Page_Menu.Services_WebDesignAndDevelopment_CMS_Submenu" time="1.059">
    <system-out><![CDATA[URL Entered
Mousehover to the Service Menu
MouseOver to Web Design & Development Submenu
MouseOver to Content Management System Submenu
Joomla! Development Submenu clicked
Joomla! Development Sub Menu Validated
]]></system-out>
  </testcase>
  <testcase name="Magento_Development_SubMenu" classname="Home_Page_Menu.Services_WebDesignAndDevelopment_CMS_Submenu" time="0.805">
    <system-out><![CDATA[URL Entered
Mousehover to the Service Menu
MouseOver to Web Design & Development Submenu
MouseOver to Content Management System Submenu
Magento Development Submenu clicked
Magento Development Sub Menu Validated
]]></system-out>
  </testcase>
  <testcase name="Woocommerce_SubMenu" classname="Home_Page_Menu.Services_WebDesignAndDevelopment_CMS_Submenu" time="1.331">
    <system-out><![CDATA[URL Entered
Mousehover to the Service Menu
MouseOver to Web Design & Development Submenu
MouseOver to Content Management System Submenu
Woocommerce Submenu clicked
Woocommerce Sub Menu Validated
]]></system-out>
  </testcase>
  <testcase name="WordPress_Development_SubMenu" classname="Home_Page_Menu.Services_WebDesignAndDevelopment_CMS_Submenu" time="0.757">
    <system-out><![CDATA[URL Entered
Mousehover to the Service Menu
MouseOver to Web Design & Development Submenu
MouseOver to Content Management System Submenu
WordPress Development Submenu clicked
WordPress Development Sub Menu Validated
]]></system-out>
  </testcase>
  <testcase name="BIM_Services_SubMenu" classname="Home_Page_Menu.Services_GIS_ServicesMenu" time="3.535">
    <system-out><![CDATA[URL Entered
Mousehover to the Service Menu
Mousehover to the GIS Services SubMenu
Submenu clicked
BIM Services Sub Menu Validated
]]></system-out>
    <system-err><![CDATA[May 07, 2025 10:19:08 AM org.openqa.selenium.devtools.CdpVersionFinder findNearestMatch
WARNING: Unable to find CDP implementation matching 135
May 07, 2025 10:19:08 AM org.openqa.selenium.chromium.ChromiumDriver lambda$new$5
WARNING: Unable to find version of CDP to use for 135.0.7049.116. You may need to include a dependency on a specific version of the CDP using something similar to `org.seleniumhq.selenium:selenium-devtools-v86:4.18.1` where the version ("v86") matches the version of the chromium-based browser you're using and the version number of the artifact is the same as Selenium's.
]]></system-err>
  </testcase>
  <testcase name="Digital_Photogrammetry_Services_SubMenu" classname="Home_Page_Menu.Services_GIS_ServicesMenu" time="2.122">
    <system-out><![CDATA[URL Entered
Mousehover to the Service Menu
Mousehover to the GIS Services SubMenu
Submenu clicked
Digital Photogrammetry Services Sub Menu Validated
]]></system-out>
  </testcase>
  <testcase name="LiDAR_Services_SubMenu" classname="Home_Page_Menu.Services_GIS_ServicesMenu" time="2.504">
    <system-out><![CDATA[URL Entered
Mousehover to the Service Menu
Mousehover to the GIS Services SubMenu
Submenu clicked
LiDAR Services Sub Menu Validated
]]></system-out>
  </testcase>
  <testcase name="Mobile_LiDAR_SubMenu" classname="Home_Page_Menu.Services_GIS_ServicesMenu" time="2.986">
    <system-out><![CDATA[URL Entered
Mousehover to the Service Menu
Mousehover to the GIS Services SubMenu
Submenu clicked
Mobile LiDAR Sub Menu Validated
]]></system-out>
  </testcase>
  <testcase name="Orthophoto_Process_SubMenu" classname="Home_Page_Menu.Services_GIS_ServicesMenu" time="2.802">
    <system-out><![CDATA[URL Entered
Mousehover to the Service Menu
Mousehover to the GIS Services SubMenu
Submenu clicked
Orthophoto Process Sub Menu Validated
]]></system-out>
  </testcase>
</testsuite>