<?xml version="1.0" encoding="UTF-8"?>
<!-- Generated by org.testng.reporters.JUnitReportReporter -->
<testsuite hostname="DESKTOP-SKRGRIP" failures="0" tests="16" name="Home_Page_Menu.Header_About_Us_SubMenu" time="-1733303808.000" errors="1" timestamp="2024-12-04T14:48:07 IST" skipped="15">
  <testcase classname="Home_Page_Menu.Header_About_Us_SubMenu" name="setup" time="-1733303808.000">
    <error message="
Parameter &#039;browser&#039; is required by BeforeClass on method setup but has not been marked @Optional or defined
in C:\Users\Ram prathees\eclipse-workspace\DCI_Site_Progress\XMLs\About_Us_Submenu.xml" type="org.testng.TestNGException">
      <![CDATA[org.testng.TestNGException: 
Parameter 'browser' is required by BeforeClass on method setup but has not been marked @Optional or defined
in C:\Users\Ram prathees\eclipse-workspace\DCI_Site_Progress\XMLs\About_Us_Submenu.xml
at org.testng.internal.Parameters.createParams(Parameters.java:267)
at org.testng.internal.Parameters.createParametersForMethod(Parameters.java:355)
at org.testng.internal.Parameters.createParameters(Parameters.java:693)
at org.testng.internal.Parameters.createConfigurationParameters(Parameters.java:166)
at org.testng.internal.invokers.ConfigInvoker.invokeConfigurations(ConfigInvoker.java:306)
at org.testng.internal.invokers.TestMethodWorker.invokeBeforeClassMethods(TestMethodWorker.java:180)
at org.testng.internal.invokers.TestMethodWorker.run(TestMethodWorker.java:122)
at java.base/java.util.ArrayList.forEach(ArrayList.java:1596)
at org.testng.TestRunner.privateRun(TestRunner.java:819)
at org.testng.TestRunner.run(TestRunner.java:619)
at org.testng.SuiteRunner.runTest(SuiteRunner.java:443)
at org.testng.SuiteRunner.runSequentially(SuiteRunner.java:437)
at org.testng.SuiteRunner.privateRun(SuiteRunner.java:397)
at org.testng.SuiteRunner.run(SuiteRunner.java:336)
at org.testng.SuiteRunnerWorker.runSuite(SuiteRunnerWorker.java:52)
at org.testng.SuiteRunnerWorker.run(SuiteRunnerWorker.java:95)
at org.testng.TestNG.runSuitesSequentially(TestNG.java:1301)
at org.testng.TestNG.runSuitesLocally(TestNG.java:1228)
at org.testng.TestNG.runSuites(TestNG.java:1134)
at org.testng.TestNG.run(TestNG.java:1101)
at org.testng.remote.AbstractRemoteTestNG.run(AbstractRemoteTestNG.java:115)
at org.testng.remote.RemoteTestNG.initAndRun(RemoteTestNG.java:293)
at org.testng.remote.RemoteTestNG.main(RemoteTestNG.java:91)
]]>
    </error>
  </testcase> <!-- setup -->
  <testcase classname="Home_Page_Menu.Header_About_Us_SubMenu" name="Company_Fact_File_SubMenu" time="0.000">
    <skipped/>
  </testcase> <!-- Company_Fact_File_SubMenu -->
  <testcase classname="Home_Page_Menu.Header_About_Us_SubMenu" name="Meet_the_Team_SubMenu" time="0.000">
    <skipped/>
  </testcase> <!-- Meet_the_Team_SubMenu -->
  <testcase classname="Home_Page_Menu.Header_About_Us_SubMenu" name="Our_Clients_SubMenu" time="0.000">
    <skipped/>
  </testcase> <!-- Our_Clients_SubMenu -->
  <testcase classname="Home_Page_Menu.Header_About_Us_SubMenu" name="Products_SubMenu" time="0.001">
    <skipped/>
  </testcase> <!-- Products_SubMenu -->
  <testcase classname="Home_Page_Menu.Header_About_Us_SubMenu" name="Become_Our_Representative_SubMenu" time="0.000">
    <skipped/>
  </testcase> <!-- Become_Our_Representative_SubMenu -->
  <testcase classname="Home_Page_Menu.Header_About_Us_SubMenu" name="Business_Models_SubMenu" time="0.000">
    <skipped/>
  </testcase> <!-- Business_Models_SubMenu -->
  <testcase classname="Home_Page_Menu.Header_About_Us_SubMenu" name="Awards_SubMenu" time="0.000">
    <skipped/>
  </testcase> <!-- Awards_SubMenu -->
  <testcase classname="Home_Page_Menu.Header_About_Us_SubMenu" name="Partner_With_Us_SubMenu" time="0.000">
    <skipped/>
  </testcase> <!-- Partner_With_Us_SubMenu -->
  <testcase classname="Home_Page_Menu.Header_About_Us_SubMenu" name="Testimonials_SubMenu" time="0.000">
    <skipped/>
  </testcase> <!-- Testimonials_SubMenu -->
  <testcase classname="Home_Page_Menu.Header_About_Us_SubMenu" name="Vendor_Registration_SubMenu" time="0.000">
    <skipped/>
  </testcase> <!-- Vendor_Registration_SubMenu -->
  <testcase classname="Home_Page_Menu.Header_About_Us_SubMenu" name="Technologies_SubMenu" time="0.000">
    <skipped/>
  </testcase> <!-- Technologies_SubMenu -->
  <testcase classname="Home_Page_Menu.Header_About_Us_SubMenu" name="Methodology_SubMenu" time="0.000">
    <skipped/>
  </testcase> <!-- Methodology_SubMenu -->
  <testcase classname="Home_Page_Menu.Header_About_Us_SubMenu" name="Alliances_SubMenu" time="0.000">
    <skipped/>
  </testcase> <!-- Alliances_SubMenu -->
  <testcase classname="Home_Page_Menu.Header_About_Us_SubMenu" name="Infrastructure_SubMenu" time="0.000">
    <skipped/>
  </testcase> <!-- Infrastructure_SubMenu -->
  <testcase classname="Home_Page_Menu.Header_About_Us_SubMenu" name="Group_Companies_SubMenu" time="0.000">
    <skipped/>
  </testcase> <!-- Group_Companies_SubMenu -->
</testsuite> <!-- Home_Page_Menu.Header_About_Us_SubMenu -->
